[CORE]~ Start Loading Graph
[INFO]- loading vertex: 10000
[INFO]- loading vertex: 20000
[INFO]- loading vertex: 30000
[INFO]- loading vertex: 40000
[INFO]- loading vertex: 50000
[INFO]- loading vertex: 60000
[INFO]- loading vertex: 70000
[INFO]- loading vertex: 80000
[INFO]- loading vertex: 90000
[INFO]- loading vertex: 100000
[INFO]- loading vertex: 110000
[INFO]- loading vertex: 120000
[INFO]- loading vertex: 130000
[INFO]- loading vertex: 140000
[INFO]- loading vertex: 150000
[INFO]- loading vertex: 160000
[INFO]- loading vertex: 170000
[INFO]- loading vertex: 180000
[INFO]- loading vertex: 190000
[INFO]- loading vertex: 200000
[INFO]- loading vertex: 210000
[INFO]- loading vertex: 220000
[INFO]- loading vertex: 230000
[INFO]- loading vertex: 240000
[INFO]- loading vertex: 250000
[INFO]- loading vertex: 260000
[INFO]- loading vertex: 270000
[INFO]- loading vertex: 280000
[INFO]- loading vertex: 290000
[INFO]- loading vertex: 300000
[INFO]- loading vertex: 310000
[INFO]- loading vertex: 320000
[INFO]- loading vertex: 330000
[INFO]- loading vertex: 340000
[INFO]- loading vertex: 350000
[INFO]- loading vertex: 360000
[INFO]- loading vertex: 370000
[INFO]- loading vertex: 380000
[INFO]- loading vertex: 390000
[INFO]- loading vertex: 400000
[INFO]- loading vertex: 410000
[INFO]- loading vertex: 420000
[INFO]- loading vertex: 430000
[INFO]- loading vertex: 440000
[INFO]- loading vertex: 450000
[INFO]- loading vertex: 460000
[INFO]- loading vertex: 470000
[INFO]- loading vertex: 480000
[INFO]- loading vertex: 490000
[INFO]- loading vertex: 500000
[INFO]- loading vertex: 510000
[INFO]- loading vertex: 520000
[INFO]- loading vertex: 530000
[INFO]- loading vertex: 540000
[INFO]- loading vertex: 550000
[INFO]- loading vertex: 560000
[INFO]- loading vertex: 570000
[INFO]- loading vertex: 580000
[INFO]- loading vertex: 590000
[INFO]- loading vertex: 600000
[INFO]- loading vertex: 610000
[INFO]- loading vertex: 620000
[INFO]- loading vertex: 630000
[INFO]- loading vertex: 640000
[INFO]- loading vertex: 650000
[INFO]- loading vertex: 660000
[INFO]- loading vertex: 670000
[INFO]- loading vertex: 680000
[INFO]- loading vertex: 690000
[INFO]- loading vertex: 700000
[INFO]- loading vertex: 710000
[INFO]- loading vertex: 720000
[INFO]- loading vertex: 730000
[INFO]- loading vertex: 740000
[INFO]- loading vertex: 750000
[INFO]- loading vertex: 760000
[INFO]- loading vertex: 770000
[INFO]- loading vertex: 780000
[INFO]- loading vertex: 790000
[INFO]- loading vertex: 800000
[INFO]- loading vertex: 810000
[INFO]- loading vertex: 820000
[INFO]- loading vertex: 830000
[INFO]- loading vertex: 840000
[INFO]- loading vertex: 850000
[INFO]- loading vertex: 860000
[INFO]- loading vertex: 870000
[INFO]- loading vertex: 880000
[INFO]- loading vertex: 890000
[INFO]- loading vertex: 900000
[INFO]- loading vertex: 910000
[INFO]- loading vertex: 920000
[INFO]- loading vertex: 930000
[INFO]- loading vertex: 940000
[INFO]- loading vertex: 950000
[INFO]- loading vertex: 960000
[INFO]- loading vertex: 970000
[INFO]- loading vertex: 980000
[INFO]- loading vertex: 990000
[INFO]- loading vertex: 1000000
[INFO]- loading vertex total: 1008573
[INFO]- loading edge: 10000
[INFO]- loading edge: 20000
[INFO]- loading edge: 30000
[INFO]- loading edge: 40000
[INFO]- loading edge: 50000
[INFO]- loading edge: 60000
[INFO]- loading edge: 70000
[INFO]- loading edge: 80000
[INFO]- loading edge: 90000
[INFO]- loading edge: 100000
[INFO]- loading edge: 110000
[INFO]- loading edge: 120000
[INFO]- loading edge: 130000
[INFO]- loading edge: 140000
[INFO]- loading edge: 150000
[INFO]- loading edge: 160000
[INFO]- loading edge: 170000
[INFO]- loading edge: 180000
[INFO]- loading edge: 190000
[INFO]- loading edge: 200000
[INFO]- loading edge: 210000
[INFO]- loading edge: 220000
[INFO]- loading edge: 230000
[INFO]- loading edge: 240000
[INFO]- loading edge: 250000
[INFO]- loading edge: 260000
[INFO]- loading edge: 270000
[INFO]- loading edge: 280000
[INFO]- loading edge: 290000
[INFO]- loading edge: 300000
[INFO]- loading edge: 310000
[INFO]- loading edge: 320000
[INFO]- loading edge: 330000
[INFO]- loading edge: 340000
[INFO]- loading edge: 350000
[INFO]- loading edge: 360000
[INFO]- loading edge: 370000
[INFO]- loading edge: 380000
[INFO]- loading edge: 390000
[INFO]- loading edge: 400000
[INFO]- loading edge: 410000
[INFO]- loading edge: 420000
[INFO]- loading edge: 430000
[INFO]- loading edge: 440000
[INFO]- loading edge: 450000
[INFO]- loading edge: 460000
[INFO]- loading edge: 470000
[INFO]- loading edge: 480000
[INFO]- loading edge: 490000
[INFO]- loading edge: 500000
[INFO]- loading edge: 510000
[INFO]- loading edge: 520000
[INFO]- loading edge: 530000
[INFO]- loading edge: 540000
[INFO]- loading edge: 550000
[INFO]- loading edge: 560000
[INFO]- loading edge: 570000
[INFO]- loading edge: 580000
[INFO]- loading edge: 590000
[INFO]- loading edge: 600000
[INFO]- loading edge: 610000
[INFO]- loading edge: 620000
[INFO]- loading edge: 630000
[INFO]- loading edge: 640000
[INFO]- loading edge: 650000
[INFO]- loading edge: 660000
[INFO]- loading edge: 670000
[INFO]- loading edge: 680000
[INFO]- loading edge: 690000
[INFO]- loading edge: 700000
[INFO]- loading edge: 710000
[INFO]- loading edge: 720000
[INFO]- loading edge: 730000
[INFO]- loading edge: 740000
[INFO]- loading edge: 750000
[INFO]- loading edge: 760000
[INFO]- loading edge: 770000
[INFO]- loading edge: 780000
[INFO]- loading edge: 790000
[INFO]- loading edge: 800000
[INFO]- loading edge: 810000
[INFO]- loading edge: 820000
[INFO]- loading edge: 830000
[INFO]- loading edge: 840000
[INFO]- loading edge: 850000
[INFO]- loading edge: 860000
[INFO]- loading edge: 870000
[INFO]- loading edge: 880000
[INFO]- loading edge: 890000
[INFO]- loading edge: 900000
[INFO]- loading edge: 910000
[INFO]- loading edge: 920000
[INFO]- loading edge: 930000
[INFO]- loading edge: 940000
[INFO]- loading edge: 950000
[INFO]- loading edge: 960000
[INFO]- loading edge: 970000
[INFO]- loading edge: 980000
[INFO]- loading edge: 990000
[INFO]- loading edge: 1000000
[INFO]- loading edge: 1010000
[INFO]- loading edge: 1020000
[INFO]- loading edge: 1030000
[INFO]- loading edge: 1040000
[INFO]- loading edge: 1050000
[INFO]- loading edge: 1060000
[INFO]- loading edge: 1070000
[INFO]- loading edge: 1080000
[INFO]- loading edge: 1090000
[INFO]- loading edge: 1100000
[INFO]- loading edge: 1110000
[INFO]- loading edge: 1120000
[INFO]- loading edge: 1130000
[INFO]- loading edge: 1140000
[INFO]- loading edge: 1150000
[INFO]- loading edge: 1160000
[INFO]- loading edge: 1170000
[INFO]- loading edge: 1180000
[INFO]- loading edge: 1190000
[INFO]- loading edge: 1200000
[INFO]- loading edge: 1210000
[INFO]- loading edge: 1220000
[INFO]- loading edge: 1230000
[INFO]- loading edge: 1240000
[INFO]- loading edge: 1250000
[INFO]- loading edge: 1260000
[INFO]- loading edge: 1270000
[INFO]- loading edge: 1280000
[INFO]- loading edge: 1290000
[INFO]- loading edge: 1300000
[INFO]- loading edge: 1310000
[INFO]- loading edge: 1320000
[INFO]- loading edge: 1330000
[INFO]- loading edge: 1340000
[INFO]- loading edge: 1350000
[INFO]- loading edge total: 1355507
[CORE]~ Completed
[CORE]~ Start Loading GED
[INFO]- loading GED total: 323
[CORE]~ Completed
[CORE]~ Start Classifying GED
[INFO]- connected: 323
[INFO]- disconnected: 0
[CORE]~ Completed
[CORE]~ Start Converting To Boost Graph
[CORE]~ Completed
[CORE]~ Start Filtering Unexpected GED
[INFO]- independent node: 0
[INFO]- wrong literal: 0
[INFO]- same label (used for big graph with little label type): 0
[INFO]- unexpected disconnection: 0
[INFO]- vertex with X eq-let is not parent: 262
[CORE]~ Completed
[CORE]~ Running VF2
[INFO]- vf2 on No.1 GED
[INFO]- vf2 on No.2 GED
[INFO]- vf2 on No.3 GED
[INFO]- vf2 on No.4 GED
[INFO]- vf2 on No.5 GED
[INFO]- vf2 on No.6 GED
[INFO]- vf2 on No.7 GED
[INFO]- vf2 on No.8 GED
[INFO]- vf2 on No.9 GED
[INFO]- vf2 on No.10 GED
[INFO]- vf2 on No.11 GED
[INFO]- vf2 on No.12 GED
[INFO]- vf2 on No.13 GED
[INFO]- vf2 on No.14 GED
[INFO]- vf2 on No.15 GED
[INFO]- vf2 on No.16 GED
[INFO]- vf2 on No.17 GED
[INFO]- vf2 on No.18 GED
[INFO]- vf2 on No.19 GED
[INFO]- vf2 on No.20 GED
[INFO]- vf2 on No.21 GED
[INFO]- vf2 on No.22 GED
[INFO]- vf2 on No.23 GED
[INFO]- vf2 on No.24 GED
[INFO]- vf2 on No.25 GED
[INFO]- vf2 on No.26 GED
[INFO]- vf2 on No.27 GED
[INFO]- vf2 on No.28 GED
[INFO]- vf2 on No.29 GED
[INFO]- vf2 on No.30 GED
[INFO]- vf2 on No.31 GED
[INFO]- vf2 on No.32 GED
[INFO]- vf2 on No.33 GED
[INFO]- vf2 on No.34 GED
[INFO]- vf2 on No.35 GED
[INFO]- vf2 on No.36 GED
[INFO]- vf2 on No.37 GED
[INFO]- vf2 on No.38 GED
[INFO]- vf2 on No.39 GED
[INFO]- vf2 on No.40 GED
[INFO]- vf2 on No.41 GED
[INFO]- vf2 on No.42 GED
[INFO]- vf2 on No.43 GED
[INFO]- vf2 on No.44 GED
[INFO]- vf2 on No.45 GED
[INFO]- vf2 on No.46 GED
[INFO]- vf2 on No.47 GED
[INFO]- vf2 on No.48 GED
[INFO]- vf2 on No.49 GED
[INFO]- vf2 on No.50 GED
[INFO]- vf2 on No.51 GED
[INFO]- vf2 on No.52 GED
[INFO]- vf2 on No.53 GED
[INFO]- vf2 on No.54 GED
[INFO]- vf2 on No.55 GED
[INFO]- vf2 on No.56 GED
[INFO]- vf2 on No.57 GED
[INFO]- vf2 on No.58 GED
[INFO]- vf2 on No.59 GED
[INFO]- vf2 on No.60 GED
[INFO]- vf2 on No.61 GED
[INFO]- vf2 on No.62 GED
[INFO]- vf2 on No.63 GED
[INFO]- vf2 on No.64 GED
[INFO]- vf2 on No.65 GED
[INFO]- vf2 on No.66 GED
[INFO]- vf2 on No.67 GED
[INFO]- vf2 on No.68 GED
[INFO]- vf2 on No.69 GED
[INFO]- vf2 on No.70 GED
[INFO]- vf2 on No.71 GED
[INFO]- vf2 on No.72 GED
[INFO]- vf2 on No.73 GED
[INFO]- vf2 on No.74 GED
[INFO]- vf2 on No.75 GED
[INFO]- vf2 on No.76 GED
[INFO]- vf2 on No.77 GED
[INFO]- vf2 on No.78 GED
[INFO]- vf2 on No.79 GED
[INFO]- vf2 on No.80 GED
[INFO]- vf2 on No.81 GED
[INFO]- vf2 on No.82 GED
[INFO]- vf2 on No.83 GED
[INFO]- vf2 on No.84 GED
[INFO]- vf2 on No.85 GED
[INFO]- vf2 on No.86 GED
[INFO]- vf2 on No.87 GED
[INFO]- vf2 on No.88 GED
[INFO]- vf2 on No.89 GED
[INFO]- vf2 on No.90 GED
[INFO]- vf2 on No.91 GED
[INFO]- vf2 on No.92 GED
[INFO]- vf2 on No.93 GED
[INFO]- vf2 on No.94 GED
[INFO]- vf2 on No.95 GED
[INFO]- vf2 on No.96 GED
[INFO]- vf2 on No.97 GED
[INFO]- vf2 on No.98 GED
[INFO]- vf2 on No.99 GED
[INFO]- vf2 on No.100 GED
[INFO]- vf2 on No.101 GED
[INFO]- vf2 on No.102 GED
[INFO]- vf2 on No.103 GED
[INFO]- vf2 on No.104 GED
[INFO]- vf2 on No.105 GED
[INFO]- vf2 on No.106 GED
[INFO]- vf2 on No.107 GED
[INFO]- vf2 on No.108 GED
[INFO]- vf2 on No.109 GED
[INFO]- vf2 on No.110 GED
[INFO]- vf2 on No.111 GED
[INFO]- vf2 on No.112 GED
[INFO]- vf2 on No.113 GED
[INFO]- vf2 on No.114 GED
[INFO]- vf2 on No.115 GED
[INFO]- vf2 on No.116 GED
[INFO]- vf2 on No.117 GED
[INFO]- vf2 on No.118 GED
[INFO]- vf2 on No.119 GED
[INFO]- vf2 on No.120 GED
[INFO]- vf2 on No.121 GED
[INFO]- vf2 on No.122 GED
[INFO]- vf2 on No.123 GED
[INFO]- vf2 on No.124 GED
[INFO]- vf2 on No.125 GED
[INFO]- vf2 on No.126 GED
[INFO]- vf2 on No.127 GED
[INFO]- vf2 on No.128 GED
[INFO]- vf2 on No.129 GED
[INFO]- vf2 on No.130 GED
[INFO]- vf2 on No.131 GED
[INFO]- vf2 on No.132 GED
[INFO]- vf2 on No.133 GED
[INFO]- vf2 on No.134 GED
[INFO]- vf2 on No.135 GED
[INFO]- vf2 on No.136 GED
[INFO]- vf2 on No.137 GED
[INFO]- vf2 on No.138 GED
[INFO]- vf2 on No.139 GED
[INFO]- vf2 on No.140 GED
[INFO]- vf2 on No.141 GED
[INFO]- vf2 on No.142 GED
[INFO]- vf2 on No.143 GED
[INFO]- vf2 on No.144 GED
[INFO]- vf2 on No.145 GED
[INFO]- vf2 on No.146 GED
[INFO]- vf2 on No.147 GED
[INFO]- vf2 on No.148 GED
[INFO]- vf2 on No.149 GED
[INFO]- vf2 on No.150 GED
[INFO]- vf2 on No.151 GED
[INFO]- vf2 on No.152 GED
[INFO]- vf2 on No.153 GED
[INFO]- vf2 on No.154 GED
[INFO]- vf2 on No.155 GED
[INFO]- vf2 on No.156 GED
[INFO]- vf2 on No.157 GED
[INFO]- vf2 on No.158 GED
[INFO]- vf2 on No.159 GED
[INFO]- vf2 on No.160 GED
[INFO]- vf2 on No.161 GED
[INFO]- vf2 on No.162 GED
[INFO]- vf2 on No.163 GED
[INFO]- vf2 on No.164 GED
[INFO]- vf2 on No.165 GED
[INFO]- vf2 on No.166 GED
[INFO]- vf2 on No.167 GED
[INFO]- vf2 on No.168 GED
[INFO]- vf2 on No.169 GED
[INFO]- vf2 on No.170 GED
[INFO]- vf2 on No.171 GED
[INFO]- vf2 on No.172 GED
[INFO]- vf2 on No.173 GED
[INFO]- vf2 on No.174 GED
[INFO]- vf2 on No.175 GED
[INFO]- vf2 on No.176 GED
[INFO]- vf2 on No.177 GED
[INFO]- vf2 on No.178 GED
[INFO]- vf2 on No.179 GED
[INFO]- vf2 on No.180 GED
[INFO]- vf2 on No.181 GED
[INFO]- vf2 on No.182 GED
[INFO]- vf2 on No.183 GED
[INFO]- vf2 on No.184 GED
[INFO]- vf2 on No.185 GED
[INFO]- vf2 on No.186 GED
[INFO]- vf2 on No.187 GED
[INFO]- vf2 on No.188 GED
[INFO]- vf2 on No.189 GED
[INFO]- vf2 on No.190 GED
[INFO]- vf2 on No.191 GED
[INFO]- vf2 on No.192 GED
[INFO]- vf2 on No.193 GED
[INFO]- vf2 on No.194 GED
[INFO]- vf2 on No.195 GED
[INFO]- vf2 on No.196 GED
[INFO]- vf2 on No.197 GED
[INFO]- vf2 on No.198 GED
[INFO]- vf2 on No.199 GED
[INFO]- vf2 on No.200 GED
[INFO]- vf2 on No.201 GED
[INFO]- vf2 on No.202 GED
[INFO]- vf2 on No.203 GED
[INFO]- vf2 on No.204 GED
[INFO]- vf2 on No.205 GED
[INFO]- vf2 on No.206 GED
[INFO]- vf2 on No.207 GED
[INFO]- vf2 on No.208 GED
[INFO]- vf2 on No.209 GED
[INFO]- vf2 on No.210 GED
[INFO]- vf2 on No.211 GED
[INFO]- vf2 on No.212 GED
[INFO]- vf2 on No.213 GED
[INFO]- vf2 on No.214 GED
[INFO]- vf2 on No.215 GED
[INFO]- vf2 on No.216 GED
[INFO]- vf2 on No.217 GED
[INFO]- vf2 on No.218 GED
[INFO]- vf2 on No.219 GED
[INFO]- vf2 on No.220 GED
[INFO]- vf2 on No.221 GED
[INFO]- vf2 on No.222 GED
[INFO]- vf2 on No.223 GED
[INFO]- vf2 on No.224 GED
[INFO]- vf2 on No.225 GED
[INFO]- vf2 on No.226 GED
[INFO]- vf2 on No.227 GED
[INFO]- vf2 on No.228 GED
[INFO]- vf2 on No.229 GED
[INFO]- vf2 on No.230 GED
[INFO]- vf2 on No.231 GED
[INFO]- vf2 on No.232 GED
[INFO]- vf2 on No.233 GED
[INFO]- vf2 on No.234 GED
[INFO]- vf2 on No.235 GED
[INFO]- vf2 on No.236 GED
[INFO]- vf2 on No.237 GED
[INFO]- vf2 on No.238 GED
[INFO]- vf2 on No.239 GED
[INFO]- vf2 on No.240 GED
[INFO]- vf2 on No.241 GED
[INFO]- vf2 on No.242 GED
[INFO]- vf2 on No.243 GED
[INFO]- vf2 on No.244 GED
[INFO]- vf2 on No.245 GED
[INFO]- vf2 on No.246 GED
[INFO]- vf2 on No.247 GED
[INFO]- vf2 on No.248 GED
[INFO]- vf2 on No.249 GED
[INFO]- vf2 on No.250 GED
[INFO]- vf2 on No.251 GED
[INFO]- vf2 on No.252 GED
[INFO]- vf2 on No.253 GED
[INFO]- vf2 on No.254 GED
[INFO]- vf2 on No.255 GED
[INFO]- vf2 on No.256 GED
[INFO]- vf2 on No.257 GED
[INFO]- vf2 on No.258 GED
[INFO]- vf2 on No.259 GED
[INFO]- vf2 on No.260 GED
[INFO]- vf2 on No.261 GED
[INFO]- vf2 on No.262 GED
[INFO]- vf2 on No.263 GED
[INFO]- vf2 on No.264 GED
[INFO]- vf2 on No.265 GED
[INFO]- vf2 on No.266 GED
[INFO]- vf2 on No.267 GED
[INFO]- vf2 on No.268 GED
[INFO]- vf2 on No.269 GED
[INFO]- vf2 on No.270 GED
[INFO]- vf2 on No.271 GED
[INFO]- vf2 on No.272 GED
[INFO]- vf2 on No.273 GED
[INFO]- vf2 on No.274 GED
[INFO]- vf2 on No.275 GED
[INFO]- vf2 on No.276 GED
[INFO]- vf2 on No.277 GED
[INFO]- vf2 on No.278 GED
[INFO]- vf2 on No.279 GED
[INFO]- vf2 on No.280 GED
[INFO]- vf2 on No.281 GED
[INFO]- vf2 on No.282 GED
[INFO]- vf2 on No.283 GED
[INFO]- vf2 on No.284 GED
[INFO]- vf2 on No.285 GED
[INFO]- vf2 on No.286 GED
[INFO]- vf2 on No.287 GED
[INFO]- vf2 on No.288 GED
[INFO]- vf2 on No.289 GED
[INFO]- vf2 on No.290 GED
[INFO]- vf2 on No.291 GED
[INFO]- vf2 on No.292 GED
[INFO]- vf2 on No.293 GED
[INFO]- vf2 on No.294 GED
[INFO]- vf2 on No.295 GED
[INFO]- vf2 on No.296 GED
[INFO]- vf2 on No.297 GED
[INFO]- vf2 on No.298 GED
[INFO]- vf2 on No.299 GED
[INFO]- vf2 on No.300 GED
[INFO]- vf2 on No.301 GED
[INFO]- vf2 on No.302 GED
[INFO]- vf2 on No.303 GED
[INFO]- vf2 on No.304 GED
[INFO]- vf2 on No.305 GED
[INFO]- vf2 on No.306 GED
[INFO]- vf2 on No.307 GED
[INFO]- vf2 on No.308 GED
[INFO]- vf2 on No.309 GED
[INFO]- vf2 on No.310 GED
[INFO]- vf2 on No.311 GED
[INFO]- vf2 on No.312 GED
[INFO]- vf2 on No.313 GED
[INFO]- vf2 on No.314 GED
[INFO]- vf2 on No.315 GED
[INFO]- vf2 on No.316 GED
[INFO]- vf2 on No.317 GED
[INFO]- vf2 on No.318 GED
[INFO]- vf2 on No.319 GED
[INFO]- vf2 on No.320 GED
[INFO]- vf2 on No.321 GED
[INFO]- vf2 on No.322 GED
[INFO]- vf2 on No.323 GED
[CORE]~ Completed
[CORE]~ Start Writing Mapping
[CORE]~ Completed
[CORE]~ Start Validating GED
[INFO]- Checking NO.1 GED: 0
[INFO]- Checking NO.2 GED: 0
[INFO]- Checking NO.3 GED: 0
[INFO]- Checking NO.4 GED: 0
[INFO]- Checking NO.5 GED: 0
[INFO]- Checking NO.6 GED: 0
[INFO]- Checking NO.7 GED: 0
[INFO]- Checking NO.8 GED: 0
[INFO]- Checking NO.9 GED: 0
[INFO]- Checking NO.10 GED: 0
[INFO]- Checking NO.11 GED: 0
[INFO]- Checking NO.12 GED: 0
[INFO]- Checking NO.13 GED: 0
[INFO]- Checking NO.14 GED: 0
[INFO]- Checking NO.15 GED: 0
[INFO]- Checking NO.16 GED: 0
[INFO]- Checking NO.17 GED: 0
[INFO]- Checking NO.18 GED: 0
[INFO]- Checking NO.19 GED: 0
[INFO]- Checking NO.20 GED: 0
[INFO]- Checking NO.21 GED: 0
[INFO]- Checking NO.22 GED: 0
[INFO]- Checking NO.23 GED: 0
[INFO]- Checking NO.24 GED: 0
[INFO]- Checking NO.25 GED: 0
[INFO]- Checking NO.26 GED: 0
[INFO]- Checking NO.27 GED: 0
[INFO]- Checking NO.28 GED: 0
[INFO]- Checking NO.29 GED: 0
[INFO]- Checking NO.30 GED: 0
[INFO]- Checking NO.31 GED: 0
[INFO]- Checking NO.32 GED: 0
[INFO]- Checking NO.33 GED: 0
[INFO]- Checking NO.34 GED: 0
[INFO]- Checking NO.35 GED: 0
[INFO]- Checking NO.36 GED: 0
[INFO]- Checking NO.37 GED: 0
[INFO]- Checking NO.38 GED: 0
[INFO]- Checking NO.39 GED: 0
[INFO]- Checking NO.40 GED: 0
[INFO]- Checking NO.41 GED: 0
[INFO]- Checking NO.42 GED: 0
[INFO]- Checking NO.43 GED: 0
[INFO]- Checking NO.44 GED: 0
[INFO]- Checking NO.45 GED: 0
[INFO]- Checking NO.46 GED: 0
[INFO]- Checking NO.47 GED: 0
[INFO]- Checking NO.48 GED: 0
[INFO]- Checking NO.49 GED: 0
[INFO]- Checking NO.50 GED: 0
[INFO]- Checking NO.51 GED: 0
[INFO]- Checking NO.52 GED: 0
[INFO]- Checking NO.53 GED: 0
[INFO]- Checking NO.54 GED: 0
[INFO]- Checking NO.55 GED: 0
[INFO]- Checking NO.56 GED: 0
[INFO]- Checking NO.57 GED: 0
[INFO]- Checking NO.58 GED: 0
[INFO]- Checking NO.59 GED: 0
[INFO]- Checking NO.60 GED: 0
[INFO]- Checking NO.61 GED: 0
[INFO]- Checking NO.62 GED: 0
[INFO]- Checking NO.63 GED: 0
[INFO]- Checking NO.64 GED: 0
[INFO]- Checking NO.65 GED: 1
[INFO]- Checking NO.66 GED: 0
[INFO]- Checking NO.67 GED: 0
[INFO]- Checking NO.68 GED: 0
[INFO]- Checking NO.69 GED: 0
[INFO]- Checking NO.70 GED: 0
[INFO]- Checking NO.71 GED: 0
[INFO]- Checking NO.72 GED: 0
[INFO]- Checking NO.73 GED: 0
[INFO]- Checking NO.74 GED: 0
[INFO]- Checking NO.75 GED: 0
[INFO]- Checking NO.76 GED: 0
[INFO]- Checking NO.77 GED: 0
[INFO]- Checking NO.78 GED: 0
[INFO]- Checking NO.79 GED: 1
[INFO]- Checking NO.80 GED: 0
[INFO]- Checking NO.81 GED: 0
[INFO]- Checking NO.82 GED: 0
[INFO]- Checking NO.83 GED: 0
[INFO]- Checking NO.84 GED: 0
[INFO]- Checking NO.85 GED: 0
[INFO]- Checking NO.86 GED: 0
[INFO]- Checking NO.87 GED: 0
[INFO]- Checking NO.88 GED: 0
[INFO]- Checking NO.89 GED: 0
[INFO]- Checking NO.90 GED: 0
[INFO]- Checking NO.91 GED: 0
[INFO]- Checking NO.92 GED: 0
[INFO]- Checking NO.93 GED: 0
[INFO]- Checking NO.94 GED: 0
[INFO]- Checking NO.95 GED: 0
[INFO]- Checking NO.96 GED: 0
[INFO]- Checking NO.97 GED: 0
[INFO]- Checking NO.98 GED: 0
[INFO]- Checking NO.99 GED: 0
[INFO]- Checking NO.100 GED: 1
[INFO]- Checking NO.101 GED: 0
[INFO]- Checking NO.102 GED: 0
[INFO]- Checking NO.103 GED: 0
[INFO]- Checking NO.104 GED: 0
[INFO]- Checking NO.105 GED: 0
[INFO]- Checking NO.106 GED: 0
[INFO]- Checking NO.107 GED: 0
[INFO]- Checking NO.108 GED: 0
[INFO]- Checking NO.109 GED: 0
[INFO]- Checking NO.110 GED: 0
[INFO]- Checking NO.111 GED: 0
[INFO]- Checking NO.112 GED: 0
[INFO]- Checking NO.113 GED: 0
[INFO]- Checking NO.114 GED: 0
[INFO]- Checking NO.115 GED: 0
[INFO]- Checking NO.116 GED: 0
[INFO]- Checking NO.117 GED: 0
[INFO]- Checking NO.118 GED: 0
[INFO]- Checking NO.119 GED: 0
[INFO]- Checking NO.120 GED: 0
[INFO]- Checking NO.121 GED: 0
[INFO]- Checking NO.122 GED: 0
[INFO]- Checking NO.123 GED: 0
[INFO]- Checking NO.124 GED: 0
[INFO]- Checking NO.125 GED: 0
[INFO]- Checking NO.126 GED: 0
[INFO]- Checking NO.127 GED: 0
[INFO]- Checking NO.128 GED: 0
[INFO]- Checking NO.129 GED: 0
[INFO]- Checking NO.130 GED: 0
[INFO]- Checking NO.131 GED: 0
[INFO]- Checking NO.132 GED: 0
[INFO]- Checking NO.133 GED: 0
[INFO]- Checking NO.134 GED: 0
[INFO]- Checking NO.135 GED: 0
[INFO]- Checking NO.136 GED: 0
[INFO]- Checking NO.137 GED: 1
[INFO]- Checking NO.138 GED: 0
[INFO]- Checking NO.139 GED: 0
[INFO]- Checking NO.140 GED: 0
[INFO]- Checking NO.141 GED: 0
[INFO]- Checking NO.142 GED: 0
[INFO]- Checking NO.143 GED: 0
[INFO]- Checking NO.144 GED: 0
[INFO]- Checking NO.145 GED: 0
[INFO]- Checking NO.146 GED: 0
[INFO]- Checking NO.147 GED: 0
[INFO]- Checking NO.148 GED: 0
[INFO]- Checking NO.149 GED: 0
[INFO]- Checking NO.150 GED: 0
[INFO]- Checking NO.151 GED: 0
[INFO]- Checking NO.152 GED: 0
[INFO]- Checking NO.153 GED: 0
[INFO]- Checking NO.154 GED: 1
[INFO]- Checking NO.155 GED: 0
[INFO]- Checking NO.156 GED: 0
[INFO]- Checking NO.157 GED: 0
[INFO]- Checking NO.158 GED: 1
[INFO]- Checking NO.159 GED: 0
[INFO]- Checking NO.160 GED: 0
[INFO]- Checking NO.161 GED: 0
[INFO]- Checking NO.162 GED: 0
[INFO]- Checking NO.163 GED: 0
[INFO]- Checking NO.164 GED: 0
[INFO]- Checking NO.165 GED: 0
[INFO]- Checking NO.166 GED: 0
[INFO]- Checking NO.167 GED: 0
[INFO]- Checking NO.168 GED: 0
[INFO]- Checking NO.169 GED: 0
[INFO]- Checking NO.170 GED: 0
[INFO]- Checking NO.171 GED: 0
[INFO]- Checking NO.172 GED: 0
[INFO]- Checking NO.173 GED: 0
[INFO]- Checking NO.174 GED: 0
[INFO]- Checking NO.175 GED: 0
[INFO]- Checking NO.176 GED: 0
[INFO]- Checking NO.177 GED: 0
[INFO]- Checking NO.178 GED: 0
[INFO]- Checking NO.179 GED: 0
[INFO]- Checking NO.180 GED: 0
[INFO]- Checking NO.181 GED: 0
[INFO]- Checking NO.182 GED: 0
[INFO]- Checking NO.183 GED: 1
[INFO]- Checking NO.184 GED: 0
[INFO]- Checking NO.185 GED: 0
[INFO]- Checking NO.186 GED: 0
[INFO]- Checking NO.187 GED: 0
[INFO]- Checking NO.188 GED: 0
[INFO]- Checking NO.189 GED: 0
[INFO]- Checking NO.190 GED: 0
[INFO]- Checking NO.191 GED: 0
[INFO]- Checking NO.192 GED: 0
[INFO]- Checking NO.193 GED: 0
[INFO]- Checking NO.194 GED: 0
[INFO]- Checking NO.195 GED: 0
[INFO]- Checking NO.196 GED: 0
[INFO]- Checking NO.197 GED: 0
[INFO]- Checking NO.198 GED: 0
[INFO]- Checking NO.199 GED: 0
[INFO]- Checking NO.200 GED: 0
[INFO]- Checking NO.201 GED: 0
[INFO]- Checking NO.202 GED: 0
[INFO]- Checking NO.203 GED: 0
[INFO]- Checking NO.204 GED: 0
[INFO]- Checking NO.205 GED: 0
[INFO]- Checking NO.206 GED: 0
[INFO]- Checking NO.207 GED: 0
[INFO]- Checking NO.208 GED: 0
[INFO]- Checking NO.209 GED: 0
[INFO]- Checking NO.210 GED: 0
[INFO]- Checking NO.211 GED: 0
[INFO]- Checking NO.212 GED: 0
[INFO]- Checking NO.213 GED: 0
[INFO]- Checking NO.214 GED: 0
[INFO]- Checking NO.215 GED: 0
[INFO]- Checking NO.216 GED: 0
[INFO]- Checking NO.217 GED: 1
[INFO]- Checking NO.218 GED: 0
[INFO]- Checking NO.219 GED: 0
[INFO]- Checking NO.220 GED: 0
[INFO]- Checking NO.221 GED: 0
[INFO]- Checking NO.222 GED: 0
[INFO]- Checking NO.223 GED: 0
[INFO]- Checking NO.224 GED: 0
[INFO]- Checking NO.225 GED: 0
[INFO]- Checking NO.226 GED: 0
[INFO]- Checking NO.227 GED: 0
[INFO]- Checking NO.228 GED: 0
[INFO]- Checking NO.229 GED: 0
[INFO]- Checking NO.230 GED: 0
[INFO]- Checking NO.231 GED: 0
[INFO]- Checking NO.232 GED: 0
[INFO]- Checking NO.233 GED: 0
[INFO]- Checking NO.234 GED: 0
[INFO]- Checking NO.235 GED: 0
[INFO]- Checking NO.236 GED: 0
[INFO]- Checking NO.237 GED: 0
[INFO]- Checking NO.238 GED: 0
[INFO]- Checking NO.239 GED: 0
[INFO]- Checking NO.240 GED: 0
[INFO]- Checking NO.241 GED: 0
[INFO]- Checking NO.242 GED: 0
[INFO]- Checking NO.243 GED: 0
[INFO]- Checking NO.244 GED: 0
[INFO]- Checking NO.245 GED: 0
[INFO]- Checking NO.246 GED: 0
[INFO]- Checking NO.247 GED: 0
[INFO]- Checking NO.248 GED: 0
[INFO]- Checking NO.249 GED: 0
[INFO]- Checking NO.250 GED: 0
[INFO]- Checking NO.251 GED: 0
[INFO]- Checking NO.252 GED: 0
[INFO]- Checking NO.253 GED: 0
[INFO]- Checking NO.254 GED: 0
[INFO]- Checking NO.255 GED: 0
[INFO]- Checking NO.256 GED: 0
[INFO]- Checking NO.257 GED: 0
[INFO]- Checking NO.258 GED: 0
[INFO]- Checking NO.259 GED: 0
[INFO]- Checking NO.260 GED: 0
[INFO]- Checking NO.261 GED: 0
[INFO]- Checking NO.262 GED: 0
[INFO]- Checking NO.263 GED: 0
[INFO]- Checking NO.264 GED: 0
[INFO]- Checking NO.265 GED: 0
[INFO]- Checking NO.266 GED: 0
[INFO]- Checking NO.267 GED: 0
[INFO]- Checking NO.268 GED: 0
[INFO]- Checking NO.269 GED: 0
[INFO]- Checking NO.270 GED: 1
[INFO]- Checking NO.271 GED: 0
[INFO]- Checking NO.272 GED: 0
[INFO]- Checking NO.273 GED: 0
[INFO]- Checking NO.274 GED: 0
[INFO]- Checking NO.275 GED: 0
[INFO]- Checking NO.276 GED: 0
[INFO]- Checking NO.277 GED: 0
[INFO]- Checking NO.278 GED: 0
[INFO]- Checking NO.279 GED: 0
[INFO]- Checking NO.280 GED: 0
[INFO]- Checking NO.281 GED: 0
[INFO]- Checking NO.282 GED: 0
[INFO]- Checking NO.283 GED: 0
[INFO]- Checking NO.284 GED: 0
[INFO]- Checking NO.285 GED: 0
[INFO]- Checking NO.286 GED: 0
[INFO]- Checking NO.287 GED: 0
[INFO]- Checking NO.288 GED: 0
[INFO]- Checking NO.289 GED: 0
[INFO]- Checking NO.290 GED: 0
[INFO]- Checking NO.291 GED: 0
[INFO]- Checking NO.292 GED: 0
[INFO]- Checking NO.293 GED: 0
[INFO]- Checking NO.294 GED: 0
[INFO]- Checking NO.295 GED: 0
[INFO]- Checking NO.296 GED: 0
[INFO]- Checking NO.297 GED: 0
[INFO]- Checking NO.298 GED: 0
[INFO]- Checking NO.299 GED: 0
[INFO]- Checking NO.300 GED: 0
[INFO]- Checking NO.301 GED: 0
[INFO]- Checking NO.302 GED: 0
[INFO]- Checking NO.303 GED: 0
[INFO]- Checking NO.304 GED: 0
[INFO]- Checking NO.305 GED: 0
[INFO]- Checking NO.306 GED: 0
[INFO]- Checking NO.307 GED: 0
[INFO]- Checking NO.308 GED: 0
[INFO]- Checking NO.309 GED: 0
[INFO]- Checking NO.310 GED: 0
[INFO]- Checking NO.311 GED: 0
[INFO]- Checking NO.312 GED: 0
[INFO]- Checking NO.313 GED: 0
[INFO]- Checking NO.314 GED: 0
[INFO]- Checking NO.315 GED: 1
[INFO]- Checking NO.316 GED: 0
[INFO]- Checking NO.317 GED: 0
[INFO]- Checking NO.318 GED: 0
[INFO]- Checking NO.319 GED: 0
[INFO]- Checking NO.320 GED: 0
[INFO]- Checking NO.321 GED: 0
[INFO]- Checking NO.322 GED: 0
[INFO]- Checking NO.323 GED: 0
[TEST]* 
The results:
0	0	0	0	0	
0	0	0	0	0	
0	0	0	0	0	
0	0	0	0	0	
0	0	0	0	0	
0	0	0	0	0	
0	0	0	0	0	
0	0	0	0	0	
0	0	0	0	0	
0	0	0	0	0	
0	0	0	0	0	
0	0	0	0	0	
0	0	0	0	1	
0	0	0	0	0	
0	0	0	0	0	
0	0	0	1	0	
0	0	0	0	0	
0	0	0	0	0	
0	0	0	0	0	
0	0	0	0	1	
0	0	0	0	0	
0	0	0	0	0	
0	0	0	0	0	
0	0	0	0	0	
0	0	0	0	0	
0	0	0	0	0	
0	0	0	0	0	
0	1	0	0	0	
0	0	0	0	0	
0	0	0	0	0	
0	0	0	1	0	
0	0	1	0	0	
0	0	0	0	0	
0	0	0	0	0	
0	0	0	0	0	
0	0	0	0	0	
0	0	1	0	0	
0	0	0	0	0	
0	0	0	0	0	
0	0	0	0	0	
0	0	0	0	0	
0	0	0	0	0	
0	0	0	0	0	
0	1	0	0	0	
0	0	0	0	0	
0	0	0	0	0	
0	0	0	0	0	
0	0	0	0	0	
0	0	0	0	0	
0	0	0	0	0	
0	0	0	0	0	
0	0	0	0	0	
0	0	0	0	0	
0	0	0	0	1	
0	0	0	0	0	
0	0	0	0	0	
0	0	0	0	0	
0	0	0	0	0	
0	0	0	0	0	
0	0	0	0	0	
0	0	0	0	0	
0	0	0	0	0	
0	0	0	0	1	
0	0	0	0	0	
0	0	0	
[CORE]~ Completed
[CORE]~ Start Writing Results
[CORE]~ Completed
