nohup: ignoring input
[CORE]~ Start Loading Graph
[INFO]- loading vertex: 10000
[INFO]- loading vertex total: 15534
[INFO]- loading edge total: 8919
[CORE]~ Completed
[CORE]~ Start Loading GED
[INFO]- loading GED total: 2
[CORE]~ Completed
[CORE]~ Start Classifying GED
[INFO]- connected: 1
[INFO]- disconnected: 1
[CORE]~ Completed
[CORE]~ Start Converting To Boost Graph
[CORE]~ Completed
[CORE]~ Start Filtering Unexpected GED
[INFO]- independent node: 0
[INFO]- wrong literal: 0
[INFO]- same label (used for big graph with little label type): 0
[INFO]- unexpected disconnection: 0
[CORE]~ Completed
[CORE]~ Running VF2
[INFO]- vf2 on No.1 GED
[INFO]- vf2 on No.2 GED
[CORE]~ Completed
[CORE]~ Start Writing Mapping
[CORE]~ Completed
[CORE]~ Start Validating GED
[INFO]- Checking NO.1 GED: 1
[INFO]- Checking NO.2 GED: 0
[TEST]* 
The results:
1	0	
[CORE]~ Completed
[CORE]~ Start Writing Results
[CORE]~ Completed
