[SYSM]~ Start Loading Graph
[INFO]- loading vertex total: 3949
[INFO]- loading edge total: 898
[SYSM]~ Completed
[SYSM]~ Start Loading GED
[INFO]- loading GED total: 25
[SYSM]~ Completed
[SYSM]~ Start Classifing GED
[SYSM]~ Completed
[SYSM]~ Start Converting To Boost Graph
[SYSM]~ Completed
[SYSM]~ Start Filtering Unexpected GED
[SYSM]~ Completed
[SYSM]~ Running VF2
[INFO]- vf2 on No.1 GED
[INFO]- vf2 on No.2 GED
[INFO]- vf2 on No.3 GED
[INFO]- vf2 on No.4 GED
[INFO]- vf2 on No.5 GED
[INFO]- vf2 on No.6 GED
[INFO]- vf2 on No.7 GED
[INFO]- vf2 on No.8 GED
[INFO]- vf2 on No.9 GED
[INFO]- vf2 on No.10 GED
[INFO]- vf2 on No.11 GED
[INFO]- vf2 on No.12 GED
[INFO]- vf2 on No.13 GED
[INFO]- vf2 on No.14 GED
[INFO]- vf2 on No.15 GED
[INFO]- vf2 on No.16 GED
[INFO]- vf2 on No.17 GED
[INFO]- vf2 on No.18 GED
[INFO]- vf2 on No.19 GED
[INFO]- vf2 on No.20 GED
[INFO]- vf2 on No.21 GED
[INFO]- vf2 on No.22 GED
[INFO]- vf2 on No.23 GED
[INFO]- vf2 on No.24 GED
[INFO]- vf2 on No.25 GED
[SYSM]~ Completed
[SYSM]~ Start Writing Mapping
[SYSM]~ Completed
[SYSM]~ Start Validating GED
[INFO]- Checking NO.1 GED:1
[INFO]- Checking NO.2 GED:1
[INFO]- Checking NO.3 GED:1
[INFO]- Checking NO.4 GED:1
[INFO]- Checking NO.5 GED:1
[INFO]- Checking NO.6 GED:1
[INFO]- Checking NO.7 GED:1
[INFO]- Checking NO.8 GED:0
[INFO]- Checking NO.9 GED:1
[INFO]- Checking NO.10 GED:1
[INFO]- Checking NO.11 GED:1
[INFO]- Checking NO.12 GED:1
[INFO]- Checking NO.13 GED:1
[INFO]- Checking NO.14 GED:1
[INFO]- Checking NO.15 GED:1
[INFO]- Checking NO.16 GED:1
[INFO]- Checking NO.17 GED:1
[INFO]- Checking NO.18 GED:0
[INFO]- Checking NO.19 GED:1
[INFO]- Checking NO.20 GED:1
[INFO]- Checking NO.21 GED:1
[INFO]- Checking NO.22 GED:1
[INFO]- Checking NO.23 GED:1
[INFO]- Checking NO.24 GED:1
[INFO]- Checking NO.25 GED:1
[TEST]* 
The results:
1	1	1	1	1	
1	1	0	1	1	
1	1	1	1	1	
1	1	0	1	1	
1	1	1	1	1	

[SYSM]~ Completed
[SYSM]~ Start Writing Results
[SYSM]~ Completed
