[CORE]~ Start Loading Graph
[INFO]- loading vertex: 10000
[INFO]- loading vertex: 20000
[INFO]- loading vertex: 30000
[INFO]- loading vertex: 40000
[INFO]- loading vertex: 50000
[INFO]- loading vertex: 60000
[INFO]- loading vertex: 70000
[INFO]- loading vertex: 80000
[INFO]- loading vertex: 90000
[INFO]- loading vertex: 100000
[INFO]- loading vertex: 110000
[INFO]- loading vertex: 120000
[INFO]- loading vertex: 130000
[INFO]- loading vertex: 140000
[INFO]- loading vertex: 150000
[INFO]- loading vertex: 160000
[INFO]- loading vertex: 170000
[INFO]- loading vertex: 180000
[INFO]- loading vertex: 190000
[INFO]- loading vertex: 200000
[INFO]- loading vertex: 210000
[INFO]- loading vertex: 220000
[INFO]- loading vertex: 230000
[INFO]- loading vertex: 240000
[INFO]- loading vertex: 250000
[INFO]- loading vertex: 260000
[INFO]- loading vertex: 270000
[INFO]- loading vertex: 280000
[INFO]- loading vertex: 290000
[INFO]- loading vertex: 300000
[INFO]- loading vertex: 310000
[INFO]- loading vertex: 320000
[INFO]- loading vertex: 330000
[INFO]- loading vertex: 340000
[INFO]- loading vertex: 350000
[INFO]- loading vertex: 360000
[INFO]- loading vertex: 370000
[INFO]- loading vertex: 380000
[INFO]- loading vertex: 390000
[INFO]- loading vertex: 400000
[INFO]- loading vertex: 410000
[INFO]- loading vertex: 420000
[INFO]- loading vertex: 430000
[INFO]- loading vertex: 440000
[INFO]- loading vertex: 450000
[INFO]- loading vertex: 460000
[INFO]- loading vertex: 470000
[INFO]- loading vertex: 480000
[INFO]- loading vertex: 490000
[INFO]- loading vertex: 500000
[INFO]- loading vertex: 510000
[INFO]- loading vertex: 520000
[INFO]- loading vertex: 530000
[INFO]- loading vertex: 540000
[INFO]- loading vertex: 550000
[INFO]- loading vertex: 560000
[INFO]- loading vertex: 570000
[INFO]- loading vertex: 580000
[INFO]- loading vertex: 590000
[INFO]- loading vertex: 600000
[INFO]- loading vertex: 610000
[INFO]- loading vertex: 620000
[INFO]- loading vertex total: 625913
[INFO]- loading edge: 10000
[INFO]- loading edge: 20000
[INFO]- loading edge: 30000
[INFO]- loading edge: 40000
[INFO]- loading edge: 50000
[INFO]- loading edge: 60000
[INFO]- loading edge: 70000
[INFO]- loading edge: 80000
[INFO]- loading edge: 90000
[INFO]- loading edge: 100000
[INFO]- loading edge: 110000
[INFO]- loading edge: 120000
[INFO]- loading edge: 130000
[INFO]- loading edge: 140000
[INFO]- loading edge: 150000
[INFO]- loading edge: 160000
[INFO]- loading edge: 170000
[INFO]- loading edge: 180000
[INFO]- loading edge: 190000
[INFO]- loading edge: 200000
[INFO]- loading edge: 210000
[INFO]- loading edge: 220000
[INFO]- loading edge: 230000
[INFO]- loading edge: 240000
[INFO]- loading edge: 250000
[INFO]- loading edge: 260000
[INFO]- loading edge: 270000
[INFO]- loading edge: 280000
[INFO]- loading edge: 290000
[INFO]- loading edge: 300000
[INFO]- loading edge: 310000
[INFO]- loading edge: 320000
[INFO]- loading edge: 330000
[INFO]- loading edge: 340000
[INFO]- loading edge: 350000
[INFO]- loading edge: 360000
[INFO]- loading edge: 370000
[INFO]- loading edge: 380000
[INFO]- loading edge: 390000
[INFO]- loading edge: 400000
[INFO]- loading edge: 410000
[INFO]- loading edge: 420000
[INFO]- loading edge: 430000
[INFO]- loading edge: 440000
[INFO]- loading edge: 450000
[INFO]- loading edge: 460000
[INFO]- loading edge: 470000
[INFO]- loading edge: 480000
[INFO]- loading edge: 490000
[INFO]- loading edge: 500000
[INFO]- loading edge: 510000
[INFO]- loading edge: 520000
[INFO]- loading edge: 530000
[INFO]- loading edge: 540000
[INFO]- loading edge: 550000
[INFO]- loading edge: 560000
[INFO]- loading edge: 570000
[INFO]- loading edge: 580000
[INFO]- loading edge: 590000
[INFO]- loading edge: 600000
[INFO]- loading edge: 610000
[INFO]- loading edge: 620000
[INFO]- loading edge: 630000
[INFO]- loading edge: 640000
[INFO]- loading edge: 650000
[INFO]- loading edge: 660000
[INFO]- loading edge: 670000
[INFO]- loading edge: 680000
[INFO]- loading edge: 690000
[INFO]- loading edge: 700000
[INFO]- loading edge: 710000
[INFO]- loading edge: 720000
[INFO]- loading edge: 730000
[INFO]- loading edge: 740000
[INFO]- loading edge: 750000
[INFO]- loading edge: 760000
[INFO]- loading edge: 770000
[INFO]- loading edge: 780000
[INFO]- loading edge: 790000
[INFO]- loading edge: 800000
[INFO]- loading edge: 810000
[INFO]- loading edge: 820000
[INFO]- loading edge: 830000
[INFO]- loading edge: 840000
[INFO]- loading edge: 850000
[INFO]- loading edge: 860000
[INFO]- loading edge: 870000
[INFO]- loading edge: 880000
[INFO]- loading edge: 890000
[INFO]- loading edge: 900000
[INFO]- loading edge total: 907709
[CORE]~ Completed
[CORE]~ Start Loading GED
[INFO]- loading GED: 1000
[INFO]- loading GED total: 1094
[CORE]~ Completed
[CORE]~ Start Classifying GED
[INFO]- connected: 1094
[INFO]- disconnected: 0
[CORE]~ Completed
[CORE]~ Start Converting To Boost Graph
[CORE]~ Completed
[CORE]~ Start Filtering Unexpected GED
[INFO]- independent node: 0
[INFO]- wrong literal: 0
[INFO]- same label (used for big graph with little label type): 0
[INFO]- unexpected disconnection: 0
[INFO]- vertex with X eq-let is not parent: 872
[CORE]~ Completed
[CORE]~ Running VF2
[INFO]- vf2 on No.1 GED
[INFO]- vf2 on No.2 GED
[INFO]- vf2 on No.3 GED
[INFO]- vf2 on No.4 GED
[INFO]- vf2 on No.5 GED
[INFO]- vf2 on No.6 GED
[INFO]- vf2 on No.7 GED
[INFO]- vf2 on No.8 GED
[INFO]- vf2 on No.9 GED
[INFO]- vf2 on No.10 GED
[INFO]- vf2 on No.11 GED
[INFO]- vf2 on No.12 GED
[INFO]- vf2 on No.13 GED
[INFO]- vf2 on No.14 GED
[INFO]- vf2 on No.15 GED
[INFO]- vf2 on No.16 GED
[INFO]- vf2 on No.17 GED
[INFO]- vf2 on No.18 GED
[INFO]- vf2 on No.19 GED
[INFO]- vf2 on No.20 GED
[INFO]- vf2 on No.21 GED
[INFO]- vf2 on No.22 GED
[INFO]- vf2 on No.23 GED
[INFO]- vf2 on No.24 GED
[INFO]- vf2 on No.25 GED
[INFO]- vf2 on No.26 GED
[INFO]- vf2 on No.27 GED
[INFO]- vf2 on No.28 GED
[INFO]- vf2 on No.29 GED
[INFO]- vf2 on No.30 GED
[INFO]- vf2 on No.31 GED
[INFO]- vf2 on No.32 GED
[INFO]- vf2 on No.33 GED
[INFO]- vf2 on No.34 GED
[INFO]- vf2 on No.35 GED
[INFO]- vf2 on No.36 GED
[INFO]- vf2 on No.37 GED
[INFO]- vf2 on No.38 GED
[INFO]- vf2 on No.39 GED
[INFO]- vf2 on No.40 GED
[INFO]- vf2 on No.41 GED
[INFO]- vf2 on No.42 GED
[INFO]- vf2 on No.43 GED
[INFO]- vf2 on No.44 GED
[INFO]- vf2 on No.45 GED
[INFO]- vf2 on No.46 GED
[INFO]- vf2 on No.47 GED
[INFO]- vf2 on No.48 GED
[INFO]- vf2 on No.49 GED
[INFO]- vf2 on No.50 GED
[INFO]- vf2 on No.51 GED
[INFO]- vf2 on No.52 GED
[INFO]- vf2 on No.53 GED
[INFO]- vf2 on No.54 GED
[INFO]- vf2 on No.55 GED
[INFO]- vf2 on No.56 GED
[INFO]- vf2 on No.57 GED
[INFO]- vf2 on No.58 GED
[INFO]- vf2 on No.59 GED
[INFO]- vf2 on No.60 GED
[INFO]- vf2 on No.61 GED
[INFO]- vf2 on No.62 GED
[INFO]- vf2 on No.63 GED
[INFO]- vf2 on No.64 GED
[INFO]- vf2 on No.65 GED
[INFO]- vf2 on No.66 GED
[INFO]- vf2 on No.67 GED
[INFO]- vf2 on No.68 GED
[INFO]- vf2 on No.69 GED
[INFO]- vf2 on No.70 GED
[INFO]- vf2 on No.71 GED
[INFO]- vf2 on No.72 GED
[INFO]- vf2 on No.73 GED
[INFO]- vf2 on No.74 GED
[INFO]- vf2 on No.75 GED
[INFO]- vf2 on No.76 GED
[INFO]- vf2 on No.77 GED
[INFO]- vf2 on No.78 GED
[INFO]- vf2 on No.79 GED
[INFO]- vf2 on No.80 GED
[INFO]- vf2 on No.81 GED
[INFO]- vf2 on No.82 GED
[INFO]- vf2 on No.83 GED
[INFO]- vf2 on No.84 GED
[INFO]- vf2 on No.85 GED
[INFO]- vf2 on No.86 GED
[INFO]- vf2 on No.87 GED
[INFO]- vf2 on No.88 GED
[INFO]- vf2 on No.89 GED
[INFO]- vf2 on No.90 GED
[INFO]- vf2 on No.91 GED
[INFO]- vf2 on No.92 GED
[INFO]- vf2 on No.93 GED
[INFO]- vf2 on No.94 GED
[INFO]- vf2 on No.95 GED
[INFO]- vf2 on No.96 GED
[INFO]- vf2 on No.97 GED
[INFO]- vf2 on No.98 GED
[INFO]- vf2 on No.99 GED
[INFO]- vf2 on No.100 GED
[INFO]- vf2 on No.101 GED
[INFO]- vf2 on No.102 GED
[INFO]- vf2 on No.103 GED
[INFO]- vf2 on No.104 GED
[INFO]- vf2 on No.105 GED
[INFO]- vf2 on No.106 GED
[INFO]- vf2 on No.107 GED
[INFO]- vf2 on No.108 GED
[INFO]- vf2 on No.109 GED
[INFO]- vf2 on No.110 GED
[INFO]- vf2 on No.111 GED
[INFO]- vf2 on No.112 GED
[INFO]- vf2 on No.113 GED
[INFO]- vf2 on No.114 GED
[INFO]- vf2 on No.115 GED
[INFO]- vf2 on No.116 GED
[INFO]- vf2 on No.117 GED
[INFO]- vf2 on No.118 GED
[INFO]- vf2 on No.119 GED
[INFO]- vf2 on No.120 GED
[INFO]- vf2 on No.121 GED
[INFO]- vf2 on No.122 GED
[INFO]- vf2 on No.123 GED
[INFO]- vf2 on No.124 GED
[INFO]- vf2 on No.125 GED
[INFO]- vf2 on No.126 GED
[INFO]- vf2 on No.127 GED
[INFO]- vf2 on No.128 GED
[INFO]- vf2 on No.129 GED
[INFO]- vf2 on No.130 GED
[INFO]- vf2 on No.131 GED
[INFO]- vf2 on No.132 GED
[INFO]- vf2 on No.133 GED
[INFO]- vf2 on No.134 GED
[INFO]- vf2 on No.135 GED
[INFO]- vf2 on No.136 GED
[INFO]- vf2 on No.137 GED
[INFO]- vf2 on No.138 GED
[INFO]- vf2 on No.139 GED
[INFO]- vf2 on No.140 GED
[INFO]- vf2 on No.141 GED
[INFO]- vf2 on No.142 GED
[INFO]- vf2 on No.143 GED
[INFO]- vf2 on No.144 GED
[INFO]- vf2 on No.145 GED
[INFO]- vf2 on No.146 GED
[INFO]- vf2 on No.147 GED
[INFO]- vf2 on No.148 GED
[INFO]- vf2 on No.149 GED
[INFO]- vf2 on No.150 GED
[INFO]- vf2 on No.151 GED
[INFO]- vf2 on No.152 GED
[INFO]- vf2 on No.153 GED
[INFO]- vf2 on No.154 GED
[INFO]- vf2 on No.155 GED
[INFO]- vf2 on No.156 GED
[INFO]- vf2 on No.157 GED
[INFO]- vf2 on No.158 GED
[INFO]- vf2 on No.159 GED
[INFO]- vf2 on No.160 GED
[INFO]- vf2 on No.161 GED
[INFO]- vf2 on No.162 GED
[INFO]- vf2 on No.163 GED
[INFO]- vf2 on No.164 GED
[INFO]- vf2 on No.165 GED
[INFO]- vf2 on No.166 GED
[INFO]- vf2 on No.167 GED
[INFO]- vf2 on No.168 GED
[INFO]- vf2 on No.169 GED
[INFO]- vf2 on No.170 GED
[INFO]- vf2 on No.171 GED
[INFO]- vf2 on No.172 GED
[INFO]- vf2 on No.173 GED
[INFO]- vf2 on No.174 GED
[INFO]- vf2 on No.175 GED
[INFO]- vf2 on No.176 GED
[INFO]- vf2 on No.177 GED
[INFO]- vf2 on No.178 GED
[INFO]- vf2 on No.179 GED
[INFO]- vf2 on No.180 GED
[INFO]- vf2 on No.181 GED
[INFO]- vf2 on No.182 GED
[INFO]- vf2 on No.183 GED
[INFO]- vf2 on No.184 GED
[INFO]- vf2 on No.185 GED
[INFO]- vf2 on No.186 GED
[INFO]- vf2 on No.187 GED
[INFO]- vf2 on No.188 GED
[INFO]- vf2 on No.189 GED
[INFO]- vf2 on No.190 GED
[INFO]- vf2 on No.191 GED
[INFO]- vf2 on No.192 GED
[INFO]- vf2 on No.193 GED
[INFO]- vf2 on No.194 GED
[INFO]- vf2 on No.195 GED
[INFO]- vf2 on No.196 GED
[INFO]- vf2 on No.197 GED
[INFO]- vf2 on No.198 GED
[INFO]- vf2 on No.199 GED
[INFO]- vf2 on No.200 GED
[INFO]- vf2 on No.201 GED
[INFO]- vf2 on No.202 GED
[INFO]- vf2 on No.203 GED
[INFO]- vf2 on No.204 GED
[INFO]- vf2 on No.205 GED
[INFO]- vf2 on No.206 GED
[INFO]- vf2 on No.207 GED
[INFO]- vf2 on No.208 GED
[INFO]- vf2 on No.209 GED
[INFO]- vf2 on No.210 GED
[INFO]- vf2 on No.211 GED
[INFO]- vf2 on No.212 GED
[INFO]- vf2 on No.213 GED
[INFO]- vf2 on No.214 GED
[INFO]- vf2 on No.215 GED
[INFO]- vf2 on No.216 GED
[INFO]- vf2 on No.217 GED
[INFO]- vf2 on No.218 GED
[INFO]- vf2 on No.219 GED
[INFO]- vf2 on No.220 GED
[INFO]- vf2 on No.221 GED
[INFO]- vf2 on No.222 GED
[INFO]- vf2 on No.223 GED
[INFO]- vf2 on No.224 GED
[INFO]- vf2 on No.225 GED
[INFO]- vf2 on No.226 GED
[INFO]- vf2 on No.227 GED
[INFO]- vf2 on No.228 GED
[INFO]- vf2 on No.229 GED
[INFO]- vf2 on No.230 GED
[INFO]- vf2 on No.231 GED
[INFO]- vf2 on No.232 GED
[INFO]- vf2 on No.233 GED
[INFO]- vf2 on No.234 GED
[INFO]- vf2 on No.235 GED
[INFO]- vf2 on No.236 GED
[INFO]- vf2 on No.237 GED
[INFO]- vf2 on No.238 GED
[INFO]- vf2 on No.239 GED
[INFO]- vf2 on No.240 GED
[INFO]- vf2 on No.241 GED
[INFO]- vf2 on No.242 GED
[INFO]- vf2 on No.243 GED
[INFO]- vf2 on No.244 GED
[INFO]- vf2 on No.245 GED
[INFO]- vf2 on No.246 GED
[INFO]- vf2 on No.247 GED
[INFO]- vf2 on No.248 GED
[INFO]- vf2 on No.249 GED
[INFO]- vf2 on No.250 GED
[INFO]- vf2 on No.251 GED
[INFO]- vf2 on No.252 GED
[INFO]- vf2 on No.253 GED
[INFO]- vf2 on No.254 GED
[INFO]- vf2 on No.255 GED
[INFO]- vf2 on No.256 GED
[INFO]- vf2 on No.257 GED
[INFO]- vf2 on No.258 GED
[INFO]- vf2 on No.259 GED
[INFO]- vf2 on No.260 GED
[INFO]- vf2 on No.261 GED
[INFO]- vf2 on No.262 GED
[INFO]- vf2 on No.263 GED
[INFO]- vf2 on No.264 GED
[INFO]- vf2 on No.265 GED
[INFO]- vf2 on No.266 GED
[INFO]- vf2 on No.267 GED
[INFO]- vf2 on No.268 GED
[INFO]- vf2 on No.269 GED
[INFO]- vf2 on No.270 GED
[INFO]- vf2 on No.271 GED
[INFO]- vf2 on No.272 GED
[INFO]- vf2 on No.273 GED
[INFO]- vf2 on No.274 GED
[INFO]- vf2 on No.275 GED
[INFO]- vf2 on No.276 GED
[INFO]- vf2 on No.277 GED
[INFO]- vf2 on No.278 GED
[INFO]- vf2 on No.279 GED
[INFO]- vf2 on No.280 GED
[INFO]- vf2 on No.281 GED
[INFO]- vf2 on No.282 GED
[INFO]- vf2 on No.283 GED
[INFO]- vf2 on No.284 GED
[INFO]- vf2 on No.285 GED
[INFO]- vf2 on No.286 GED
[INFO]- vf2 on No.287 GED
[INFO]- vf2 on No.288 GED
[INFO]- vf2 on No.289 GED
[INFO]- vf2 on No.290 GED
[INFO]- vf2 on No.291 GED
[INFO]- vf2 on No.292 GED
[INFO]- vf2 on No.293 GED
[INFO]- vf2 on No.294 GED
[INFO]- vf2 on No.295 GED
[INFO]- vf2 on No.296 GED
[INFO]- vf2 on No.297 GED
[INFO]- vf2 on No.298 GED
[INFO]- vf2 on No.299 GED
[INFO]- vf2 on No.300 GED
[INFO]- vf2 on No.301 GED
[INFO]- vf2 on No.302 GED
[INFO]- vf2 on No.303 GED
[INFO]- vf2 on No.304 GED
[INFO]- vf2 on No.305 GED
[INFO]- vf2 on No.306 GED
[INFO]- vf2 on No.307 GED
[INFO]- vf2 on No.308 GED
[INFO]- vf2 on No.309 GED
[INFO]- vf2 on No.310 GED
[INFO]- vf2 on No.311 GED
[INFO]- vf2 on No.312 GED
[INFO]- vf2 on No.313 GED
[INFO]- vf2 on No.314 GED
[INFO]- vf2 on No.315 GED
[INFO]- vf2 on No.316 GED
[INFO]- vf2 on No.317 GED
[INFO]- vf2 on No.318 GED
[INFO]- vf2 on No.319 GED
[INFO]- vf2 on No.320 GED
[INFO]- vf2 on No.321 GED
[INFO]- vf2 on No.322 GED
[INFO]- vf2 on No.323 GED
[INFO]- vf2 on No.324 GED
[INFO]- vf2 on No.325 GED
[INFO]- vf2 on No.326 GED
[INFO]- vf2 on No.327 GED
[INFO]- vf2 on No.328 GED
[INFO]- vf2 on No.329 GED
[INFO]- vf2 on No.330 GED
[INFO]- vf2 on No.331 GED
[INFO]- vf2 on No.332 GED
[INFO]- vf2 on No.333 GED
[INFO]- vf2 on No.334 GED
[INFO]- vf2 on No.335 GED
[INFO]- vf2 on No.336 GED
[INFO]- vf2 on No.337 GED
[INFO]- vf2 on No.338 GED
[INFO]- vf2 on No.339 GED
[INFO]- vf2 on No.340 GED
[INFO]- vf2 on No.341 GED
[INFO]- vf2 on No.342 GED
[INFO]- vf2 on No.343 GED
[INFO]- vf2 on No.344 GED
[INFO]- vf2 on No.345 GED
[INFO]- vf2 on No.346 GED
[INFO]- vf2 on No.347 GED
[INFO]- vf2 on No.348 GED
[INFO]- vf2 on No.349 GED
[INFO]- vf2 on No.350 GED
[INFO]- vf2 on No.351 GED
[INFO]- vf2 on No.352 GED
[INFO]- vf2 on No.353 GED
[INFO]- vf2 on No.354 GED
[INFO]- vf2 on No.355 GED
[INFO]- vf2 on No.356 GED
[INFO]- vf2 on No.357 GED
[INFO]- vf2 on No.358 GED
[INFO]- vf2 on No.359 GED
[INFO]- vf2 on No.360 GED
[INFO]- vf2 on No.361 GED
[INFO]- vf2 on No.362 GED
[INFO]- vf2 on No.363 GED
[INFO]- vf2 on No.364 GED
[INFO]- vf2 on No.365 GED
[INFO]- vf2 on No.366 GED
[INFO]- vf2 on No.367 GED
[INFO]- vf2 on No.368 GED
[INFO]- vf2 on No.369 GED
[INFO]- vf2 on No.370 GED
[INFO]- vf2 on No.371 GED
[INFO]- vf2 on No.372 GED
[INFO]- vf2 on No.373 GED
[INFO]- vf2 on No.374 GED
[INFO]- vf2 on No.375 GED
[INFO]- vf2 on No.376 GED
[INFO]- vf2 on No.377 GED
[INFO]- vf2 on No.378 GED
[INFO]- vf2 on No.379 GED
[INFO]- vf2 on No.380 GED
[INFO]- vf2 on No.381 GED
[INFO]- vf2 on No.382 GED
[INFO]- vf2 on No.383 GED
[INFO]- vf2 on No.384 GED
[INFO]- vf2 on No.385 GED
[INFO]- vf2 on No.386 GED
[INFO]- vf2 on No.387 GED
[INFO]- vf2 on No.388 GED
[INFO]- vf2 on No.389 GED
[INFO]- vf2 on No.390 GED
[INFO]- vf2 on No.391 GED
[INFO]- vf2 on No.392 GED
[INFO]- vf2 on No.393 GED
[INFO]- vf2 on No.394 GED
[INFO]- vf2 on No.395 GED
[INFO]- vf2 on No.396 GED
[INFO]- vf2 on No.397 GED
[INFO]- vf2 on No.398 GED
[INFO]- vf2 on No.399 GED
[INFO]- vf2 on No.400 GED
[INFO]- vf2 on No.401 GED
[INFO]- vf2 on No.402 GED
[INFO]- vf2 on No.403 GED
[INFO]- vf2 on No.404 GED
[INFO]- vf2 on No.405 GED
[INFO]- vf2 on No.406 GED
[INFO]- vf2 on No.407 GED
[INFO]- vf2 on No.408 GED
[INFO]- vf2 on No.409 GED
[INFO]- vf2 on No.410 GED
[INFO]- vf2 on No.411 GED
[INFO]- vf2 on No.412 GED
[INFO]- vf2 on No.413 GED
[INFO]- vf2 on No.414 GED
[INFO]- vf2 on No.415 GED
[INFO]- vf2 on No.416 GED
[INFO]- vf2 on No.417 GED
[INFO]- vf2 on No.418 GED
[INFO]- vf2 on No.419 GED
[INFO]- vf2 on No.420 GED
[INFO]- vf2 on No.421 GED
[INFO]- vf2 on No.422 GED
[INFO]- vf2 on No.423 GED
[INFO]- vf2 on No.424 GED
[INFO]- vf2 on No.425 GED
[INFO]- vf2 on No.426 GED
[INFO]- vf2 on No.427 GED
[INFO]- vf2 on No.428 GED
[INFO]- vf2 on No.429 GED
[INFO]- vf2 on No.430 GED
[INFO]- vf2 on No.431 GED
[INFO]- vf2 on No.432 GED
[INFO]- vf2 on No.433 GED
[INFO]- vf2 on No.434 GED
[INFO]- vf2 on No.435 GED
[INFO]- vf2 on No.436 GED
[INFO]- vf2 on No.437 GED
[INFO]- vf2 on No.438 GED
[INFO]- vf2 on No.439 GED
[INFO]- vf2 on No.440 GED
[INFO]- vf2 on No.441 GED
[INFO]- vf2 on No.442 GED
[INFO]- vf2 on No.443 GED
[INFO]- vf2 on No.444 GED
[INFO]- vf2 on No.445 GED
[INFO]- vf2 on No.446 GED
[INFO]- vf2 on No.447 GED
[INFO]- vf2 on No.448 GED
[INFO]- vf2 on No.449 GED
[INFO]- vf2 on No.450 GED
[INFO]- vf2 on No.451 GED
[INFO]- vf2 on No.452 GED
[INFO]- vf2 on No.453 GED
[INFO]- vf2 on No.454 GED
[INFO]- vf2 on No.455 GED
[INFO]- vf2 on No.456 GED
[INFO]- vf2 on No.457 GED
[INFO]- vf2 on No.458 GED
[INFO]- vf2 on No.459 GED
[INFO]- vf2 on No.460 GED
[INFO]- vf2 on No.461 GED
[INFO]- vf2 on No.462 GED
[INFO]- vf2 on No.463 GED
[INFO]- vf2 on No.464 GED
[INFO]- vf2 on No.465 GED
[INFO]- vf2 on No.466 GED
[INFO]- vf2 on No.467 GED
[INFO]- vf2 on No.468 GED
[INFO]- vf2 on No.469 GED
[INFO]- vf2 on No.470 GED
[INFO]- vf2 on No.471 GED
[INFO]- vf2 on No.472 GED
[INFO]- vf2 on No.473 GED
[INFO]- vf2 on No.474 GED
[INFO]- vf2 on No.475 GED
[INFO]- vf2 on No.476 GED
[INFO]- vf2 on No.477 GED
[INFO]- vf2 on No.478 GED
[INFO]- vf2 on No.479 GED
[INFO]- vf2 on No.480 GED
[INFO]- vf2 on No.481 GED
[INFO]- vf2 on No.482 GED
[INFO]- vf2 on No.483 GED
[INFO]- vf2 on No.484 GED
[INFO]- vf2 on No.485 GED
[INFO]- vf2 on No.486 GED
[INFO]- vf2 on No.487 GED
[INFO]- vf2 on No.488 GED
[INFO]- vf2 on No.489 GED
[INFO]- vf2 on No.490 GED
[INFO]- vf2 on No.491 GED
[INFO]- vf2 on No.492 GED
[INFO]- vf2 on No.493 GED
[INFO]- vf2 on No.494 GED
[INFO]- vf2 on No.495 GED
[INFO]- vf2 on No.496 GED
[INFO]- vf2 on No.497 GED
[INFO]- vf2 on No.498 GED
[INFO]- vf2 on No.499 GED
[INFO]- vf2 on No.500 GED
[INFO]- vf2 on No.501 GED
[INFO]- vf2 on No.502 GED
[INFO]- vf2 on No.503 GED
[INFO]- vf2 on No.504 GED
[INFO]- vf2 on No.505 GED
[INFO]- vf2 on No.506 GED
[INFO]- vf2 on No.507 GED
[INFO]- vf2 on No.508 GED
[INFO]- vf2 on No.509 GED
[INFO]- vf2 on No.510 GED
[INFO]- vf2 on No.511 GED
[INFO]- vf2 on No.512 GED
[INFO]- vf2 on No.513 GED
[INFO]- vf2 on No.514 GED
[INFO]- vf2 on No.515 GED
[INFO]- vf2 on No.516 GED
[INFO]- vf2 on No.517 GED
[INFO]- vf2 on No.518 GED
[INFO]- vf2 on No.519 GED
[INFO]- vf2 on No.520 GED
[INFO]- vf2 on No.521 GED
[INFO]- vf2 on No.522 GED
[INFO]- vf2 on No.523 GED
[INFO]- vf2 on No.524 GED
[INFO]- vf2 on No.525 GED
[INFO]- vf2 on No.526 GED
[INFO]- vf2 on No.527 GED
[INFO]- vf2 on No.528 GED
[INFO]- vf2 on No.529 GED
[INFO]- vf2 on No.530 GED
[INFO]- vf2 on No.531 GED
[INFO]- vf2 on No.532 GED
[INFO]- vf2 on No.533 GED
[INFO]- vf2 on No.534 GED
[INFO]- vf2 on No.535 GED
[INFO]- vf2 on No.536 GED
[INFO]- vf2 on No.537 GED
[INFO]- vf2 on No.538 GED
[INFO]- vf2 on No.539 GED
[INFO]- vf2 on No.540 GED
[INFO]- vf2 on No.541 GED
[INFO]- vf2 on No.542 GED
[INFO]- vf2 on No.543 GED
[INFO]- vf2 on No.544 GED
[INFO]- vf2 on No.545 GED
[INFO]- vf2 on No.546 GED
[INFO]- vf2 on No.547 GED
[INFO]- vf2 on No.548 GED
[INFO]- vf2 on No.549 GED
[INFO]- vf2 on No.550 GED
[INFO]- vf2 on No.551 GED
[INFO]- vf2 on No.552 GED
[INFO]- vf2 on No.553 GED
[INFO]- vf2 on No.554 GED
[INFO]- vf2 on No.555 GED
[INFO]- vf2 on No.556 GED
[INFO]- vf2 on No.557 GED
[INFO]- vf2 on No.558 GED
[INFO]- vf2 on No.559 GED
[INFO]- vf2 on No.560 GED
[INFO]- vf2 on No.561 GED
[INFO]- vf2 on No.562 GED
[INFO]- vf2 on No.563 GED
[INFO]- vf2 on No.564 GED
[INFO]- vf2 on No.565 GED
[INFO]- vf2 on No.566 GED
[INFO]- vf2 on No.567 GED
[INFO]- vf2 on No.568 GED
[INFO]- vf2 on No.569 GED
[INFO]- vf2 on No.570 GED
[INFO]- vf2 on No.571 GED
[INFO]- vf2 on No.572 GED
[INFO]- vf2 on No.573 GED
[INFO]- vf2 on No.574 GED
[INFO]- vf2 on No.575 GED
[INFO]- vf2 on No.576 GED
[INFO]- vf2 on No.577 GED
[INFO]- vf2 on No.578 GED
[INFO]- vf2 on No.579 GED
[INFO]- vf2 on No.580 GED
[INFO]- vf2 on No.581 GED
[INFO]- vf2 on No.582 GED
[INFO]- vf2 on No.583 GED
[INFO]- vf2 on No.584 GED
[INFO]- vf2 on No.585 GED
[INFO]- vf2 on No.586 GED
[INFO]- vf2 on No.587 GED
[INFO]- vf2 on No.588 GED
[INFO]- vf2 on No.589 GED
[INFO]- vf2 on No.590 GED
[INFO]- vf2 on No.591 GED
[INFO]- vf2 on No.592 GED
[INFO]- vf2 on No.593 GED
[INFO]- vf2 on No.594 GED
[INFO]- vf2 on No.595 GED
[INFO]- vf2 on No.596 GED
[INFO]- vf2 on No.597 GED
[INFO]- vf2 on No.598 GED
[INFO]- vf2 on No.599 GED
[INFO]- vf2 on No.600 GED
[INFO]- vf2 on No.601 GED
[INFO]- vf2 on No.602 GED
[INFO]- vf2 on No.603 GED
[INFO]- vf2 on No.604 GED
[INFO]- vf2 on No.605 GED
[INFO]- vf2 on No.606 GED
[INFO]- vf2 on No.607 GED
[INFO]- vf2 on No.608 GED
[INFO]- vf2 on No.609 GED
[INFO]- vf2 on No.610 GED
[INFO]- vf2 on No.611 GED
[INFO]- vf2 on No.612 GED
[INFO]- vf2 on No.613 GED
[INFO]- vf2 on No.614 GED
[INFO]- vf2 on No.615 GED
[INFO]- vf2 on No.616 GED
[INFO]- vf2 on No.617 GED
[INFO]- vf2 on No.618 GED
[INFO]- vf2 on No.619 GED
[INFO]- vf2 on No.620 GED
[INFO]- vf2 on No.621 GED
[INFO]- vf2 on No.622 GED
[INFO]- vf2 on No.623 GED
[INFO]- vf2 on No.624 GED
[INFO]- vf2 on No.625 GED
[INFO]- vf2 on No.626 GED
[INFO]- vf2 on No.627 GED
[INFO]- vf2 on No.628 GED
[INFO]- vf2 on No.629 GED
[INFO]- vf2 on No.630 GED
[INFO]- vf2 on No.631 GED
[INFO]- vf2 on No.632 GED
[INFO]- vf2 on No.633 GED
[INFO]- vf2 on No.634 GED
[INFO]- vf2 on No.635 GED
[INFO]- vf2 on No.636 GED
[INFO]- vf2 on No.637 GED
[INFO]- vf2 on No.638 GED
[INFO]- vf2 on No.639 GED
[INFO]- vf2 on No.640 GED
[INFO]- vf2 on No.641 GED
[INFO]- vf2 on No.642 GED
[INFO]- vf2 on No.643 GED
[INFO]- vf2 on No.644 GED
[INFO]- vf2 on No.645 GED
[INFO]- vf2 on No.646 GED
[INFO]- vf2 on No.647 GED
[INFO]- vf2 on No.648 GED
[INFO]- vf2 on No.649 GED
[INFO]- vf2 on No.650 GED
[INFO]- vf2 on No.651 GED
[INFO]- vf2 on No.652 GED
[INFO]- vf2 on No.653 GED
[INFO]- vf2 on No.654 GED
[INFO]- vf2 on No.655 GED
[INFO]- vf2 on No.656 GED
[INFO]- vf2 on No.657 GED
[INFO]- vf2 on No.658 GED
[INFO]- vf2 on No.659 GED
[INFO]- vf2 on No.660 GED
[INFO]- vf2 on No.661 GED
[INFO]- vf2 on No.662 GED
[INFO]- vf2 on No.663 GED
[INFO]- vf2 on No.664 GED
[INFO]- vf2 on No.665 GED
[INFO]- vf2 on No.666 GED
[INFO]- vf2 on No.667 GED
[INFO]- vf2 on No.668 GED
[INFO]- vf2 on No.669 GED
[INFO]- vf2 on No.670 GED
[INFO]- vf2 on No.671 GED
[INFO]- vf2 on No.672 GED
[INFO]- vf2 on No.673 GED
[INFO]- vf2 on No.674 GED
[INFO]- vf2 on No.675 GED
[INFO]- vf2 on No.676 GED
[INFO]- vf2 on No.677 GED
[INFO]- vf2 on No.678 GED
[INFO]- vf2 on No.679 GED
[INFO]- vf2 on No.680 GED
[INFO]- vf2 on No.681 GED
[INFO]- vf2 on No.682 GED
[INFO]- vf2 on No.683 GED
[INFO]- vf2 on No.684 GED
[INFO]- vf2 on No.685 GED
[INFO]- vf2 on No.686 GED
[INFO]- vf2 on No.687 GED
[INFO]- vf2 on No.688 GED
[INFO]- vf2 on No.689 GED
[INFO]- vf2 on No.690 GED
[INFO]- vf2 on No.691 GED
[INFO]- vf2 on No.692 GED
[INFO]- vf2 on No.693 GED
[INFO]- vf2 on No.694 GED
[INFO]- vf2 on No.695 GED
[INFO]- vf2 on No.696 GED
[INFO]- vf2 on No.697 GED
[INFO]- vf2 on No.698 GED
[INFO]- vf2 on No.699 GED
[INFO]- vf2 on No.700 GED
[INFO]- vf2 on No.701 GED
[INFO]- vf2 on No.702 GED
[INFO]- vf2 on No.703 GED
[INFO]- vf2 on No.704 GED
[INFO]- vf2 on No.705 GED
[INFO]- vf2 on No.706 GED
[INFO]- vf2 on No.707 GED
[INFO]- vf2 on No.708 GED
[INFO]- vf2 on No.709 GED
[INFO]- vf2 on No.710 GED
[INFO]- vf2 on No.711 GED
[INFO]- vf2 on No.712 GED
[INFO]- vf2 on No.713 GED
[INFO]- vf2 on No.714 GED
[INFO]- vf2 on No.715 GED
[INFO]- vf2 on No.716 GED
[INFO]- vf2 on No.717 GED
[INFO]- vf2 on No.718 GED
[INFO]- vf2 on No.719 GED
[INFO]- vf2 on No.720 GED
[INFO]- vf2 on No.721 GED
[INFO]- vf2 on No.722 GED
[INFO]- vf2 on No.723 GED
[INFO]- vf2 on No.724 GED
[INFO]- vf2 on No.725 GED
[INFO]- vf2 on No.726 GED
[INFO]- vf2 on No.727 GED
[INFO]- vf2 on No.728 GED
[INFO]- vf2 on No.729 GED
[INFO]- vf2 on No.730 GED
[INFO]- vf2 on No.731 GED
[INFO]- vf2 on No.732 GED
[INFO]- vf2 on No.733 GED
[INFO]- vf2 on No.734 GED
[INFO]- vf2 on No.735 GED
[INFO]- vf2 on No.736 GED
[INFO]- vf2 on No.737 GED
[INFO]- vf2 on No.738 GED
[INFO]- vf2 on No.739 GED
[INFO]- vf2 on No.740 GED
[INFO]- vf2 on No.741 GED
[INFO]- vf2 on No.742 GED
[INFO]- vf2 on No.743 GED
[INFO]- vf2 on No.744 GED
[INFO]- vf2 on No.745 GED
[INFO]- vf2 on No.746 GED
[INFO]- vf2 on No.747 GED
[INFO]- vf2 on No.748 GED
[INFO]- vf2 on No.749 GED
[INFO]- vf2 on No.750 GED
[INFO]- vf2 on No.751 GED
[INFO]- vf2 on No.752 GED
[INFO]- vf2 on No.753 GED
[INFO]- vf2 on No.754 GED
[INFO]- vf2 on No.755 GED
[INFO]- vf2 on No.756 GED
[INFO]- vf2 on No.757 GED
[INFO]- vf2 on No.758 GED
[INFO]- vf2 on No.759 GED
[INFO]- vf2 on No.760 GED
[INFO]- vf2 on No.761 GED
[INFO]- vf2 on No.762 GED
[INFO]- vf2 on No.763 GED
[INFO]- vf2 on No.764 GED
[INFO]- vf2 on No.765 GED
[INFO]- vf2 on No.766 GED
[INFO]- vf2 on No.767 GED
[INFO]- vf2 on No.768 GED
[INFO]- vf2 on No.769 GED
[INFO]- vf2 on No.770 GED
[INFO]- vf2 on No.771 GED
[INFO]- vf2 on No.772 GED
[INFO]- vf2 on No.773 GED
[INFO]- vf2 on No.774 GED
[INFO]- vf2 on No.775 GED
[INFO]- vf2 on No.776 GED
[INFO]- vf2 on No.777 GED
[INFO]- vf2 on No.778 GED
[INFO]- vf2 on No.779 GED
[INFO]- vf2 on No.780 GED
[INFO]- vf2 on No.781 GED
[INFO]- vf2 on No.782 GED
[INFO]- vf2 on No.783 GED
[INFO]- vf2 on No.784 GED
[INFO]- vf2 on No.785 GED
[INFO]- vf2 on No.786 GED
[INFO]- vf2 on No.787 GED
[INFO]- vf2 on No.788 GED
[INFO]- vf2 on No.789 GED
[INFO]- vf2 on No.790 GED
[INFO]- vf2 on No.791 GED
[INFO]- vf2 on No.792 GED
[INFO]- vf2 on No.793 GED
[INFO]- vf2 on No.794 GED
[INFO]- vf2 on No.795 GED
[INFO]- vf2 on No.796 GED
[INFO]- vf2 on No.797 GED
[INFO]- vf2 on No.798 GED
[INFO]- vf2 on No.799 GED
[INFO]- vf2 on No.800 GED
[INFO]- vf2 on No.801 GED
[INFO]- vf2 on No.802 GED
[INFO]- vf2 on No.803 GED
[INFO]- vf2 on No.804 GED
[INFO]- vf2 on No.805 GED
[INFO]- vf2 on No.806 GED
[INFO]- vf2 on No.807 GED
[INFO]- vf2 on No.808 GED
[INFO]- vf2 on No.809 GED
[INFO]- vf2 on No.810 GED
[INFO]- vf2 on No.811 GED
[INFO]- vf2 on No.812 GED
[INFO]- vf2 on No.813 GED
[INFO]- vf2 on No.814 GED
[INFO]- vf2 on No.815 GED
[INFO]- vf2 on No.816 GED
[INFO]- vf2 on No.817 GED
[INFO]- vf2 on No.818 GED
[INFO]- vf2 on No.819 GED
[INFO]- vf2 on No.820 GED
[INFO]- vf2 on No.821 GED
[INFO]- vf2 on No.822 GED
[INFO]- vf2 on No.823 GED
[INFO]- vf2 on No.824 GED
[INFO]- vf2 on No.825 GED
[INFO]- vf2 on No.826 GED
[INFO]- vf2 on No.827 GED
[INFO]- vf2 on No.828 GED
[INFO]- vf2 on No.829 GED
[INFO]- vf2 on No.830 GED
[INFO]- vf2 on No.831 GED
[INFO]- vf2 on No.832 GED
[INFO]- vf2 on No.833 GED
[INFO]- vf2 on No.834 GED
[INFO]- vf2 on No.835 GED
[INFO]- vf2 on No.836 GED
[INFO]- vf2 on No.837 GED
[INFO]- vf2 on No.838 GED
[INFO]- vf2 on No.839 GED
[INFO]- vf2 on No.840 GED
[INFO]- vf2 on No.841 GED
[INFO]- vf2 on No.842 GED
[INFO]- vf2 on No.843 GED
[INFO]- vf2 on No.844 GED
[INFO]- vf2 on No.845 GED
[INFO]- vf2 on No.846 GED
[INFO]- vf2 on No.847 GED
[INFO]- vf2 on No.848 GED
[INFO]- vf2 on No.849 GED
[INFO]- vf2 on No.850 GED
[INFO]- vf2 on No.851 GED
[INFO]- vf2 on No.852 GED
[INFO]- vf2 on No.853 GED
[INFO]- vf2 on No.854 GED
[INFO]- vf2 on No.855 GED
[INFO]- vf2 on No.856 GED
[INFO]- vf2 on No.857 GED
[INFO]- vf2 on No.858 GED
[INFO]- vf2 on No.859 GED
[INFO]- vf2 on No.860 GED
[INFO]- vf2 on No.861 GED
[INFO]- vf2 on No.862 GED
[INFO]- vf2 on No.863 GED
[INFO]- vf2 on No.864 GED
[INFO]- vf2 on No.865 GED
[INFO]- vf2 on No.866 GED
[INFO]- vf2 on No.867 GED
[INFO]- vf2 on No.868 GED
[INFO]- vf2 on No.869 GED
[INFO]- vf2 on No.870 GED
[INFO]- vf2 on No.871 GED
[INFO]- vf2 on No.872 GED
[INFO]- vf2 on No.873 GED
[INFO]- vf2 on No.874 GED
[INFO]- vf2 on No.875 GED
[INFO]- vf2 on No.876 GED
[INFO]- vf2 on No.877 GED
[INFO]- vf2 on No.878 GED
[INFO]- vf2 on No.879 GED
[INFO]- vf2 on No.880 GED
[INFO]- vf2 on No.881 GED
[INFO]- vf2 on No.882 GED
[INFO]- vf2 on No.883 GED
[INFO]- vf2 on No.884 GED
[INFO]- vf2 on No.885 GED
[INFO]- vf2 on No.886 GED
[INFO]- vf2 on No.887 GED
[INFO]- vf2 on No.888 GED
[INFO]- vf2 on No.889 GED
[INFO]- vf2 on No.890 GED
[INFO]- vf2 on No.891 GED
[INFO]- vf2 on No.892 GED
[INFO]- vf2 on No.893 GED
[INFO]- vf2 on No.894 GED
[INFO]- vf2 on No.895 GED
[INFO]- vf2 on No.896 GED
[INFO]- vf2 on No.897 GED
[INFO]- vf2 on No.898 GED
[INFO]- vf2 on No.899 GED
[INFO]- vf2 on No.900 GED
[INFO]- vf2 on No.901 GED
[INFO]- vf2 on No.902 GED
[INFO]- vf2 on No.903 GED
[INFO]- vf2 on No.904 GED
[INFO]- vf2 on No.905 GED
[INFO]- vf2 on No.906 GED
[INFO]- vf2 on No.907 GED
[INFO]- vf2 on No.908 GED
[INFO]- vf2 on No.909 GED
[INFO]- vf2 on No.910 GED
[INFO]- vf2 on No.911 GED
[INFO]- vf2 on No.912 GED
[INFO]- vf2 on No.913 GED
[INFO]- vf2 on No.914 GED
[INFO]- vf2 on No.915 GED
[INFO]- vf2 on No.916 GED
[INFO]- vf2 on No.917 GED
[INFO]- vf2 on No.918 GED
[INFO]- vf2 on No.919 GED
[INFO]- vf2 on No.920 GED
[INFO]- vf2 on No.921 GED
[INFO]- vf2 on No.922 GED
[INFO]- vf2 on No.923 GED
[INFO]- vf2 on No.924 GED
[INFO]- vf2 on No.925 GED
[INFO]- vf2 on No.926 GED
[INFO]- vf2 on No.927 GED
[INFO]- vf2 on No.928 GED
[INFO]- vf2 on No.929 GED
[INFO]- vf2 on No.930 GED
[INFO]- vf2 on No.931 GED
[INFO]- vf2 on No.932 GED
[INFO]- vf2 on No.933 GED
[INFO]- vf2 on No.934 GED
[INFO]- vf2 on No.935 GED
[INFO]- vf2 on No.936 GED
[INFO]- vf2 on No.937 GED
[INFO]- vf2 on No.938 GED
[INFO]- vf2 on No.939 GED
[INFO]- vf2 on No.940 GED
[INFO]- vf2 on No.941 GED
[INFO]- vf2 on No.942 GED
[INFO]- vf2 on No.943 GED
[INFO]- vf2 on No.944 GED
[INFO]- vf2 on No.945 GED
[INFO]- vf2 on No.946 GED
[INFO]- vf2 on No.947 GED
[INFO]- vf2 on No.948 GED
[INFO]- vf2 on No.949 GED
[INFO]- vf2 on No.950 GED
[INFO]- vf2 on No.951 GED
[INFO]- vf2 on No.952 GED
[INFO]- vf2 on No.953 GED
[INFO]- vf2 on No.954 GED
[INFO]- vf2 on No.955 GED
[INFO]- vf2 on No.956 GED
[INFO]- vf2 on No.957 GED
[INFO]- vf2 on No.958 GED
[INFO]- vf2 on No.959 GED
[INFO]- vf2 on No.960 GED
[INFO]- vf2 on No.961 GED
[INFO]- vf2 on No.962 GED
[INFO]- vf2 on No.963 GED
[INFO]- vf2 on No.964 GED
[INFO]- vf2 on No.965 GED
[INFO]- vf2 on No.966 GED
[INFO]- vf2 on No.967 GED
[INFO]- vf2 on No.968 GED
[INFO]- vf2 on No.969 GED
[INFO]- vf2 on No.970 GED
[INFO]- vf2 on No.971 GED
[INFO]- vf2 on No.972 GED
[INFO]- vf2 on No.973 GED
[INFO]- vf2 on No.974 GED
[INFO]- vf2 on No.975 GED
[INFO]- vf2 on No.976 GED
[INFO]- vf2 on No.977 GED
[INFO]- vf2 on No.978 GED
[INFO]- vf2 on No.979 GED
[INFO]- vf2 on No.980 GED
[INFO]- vf2 on No.981 GED
[INFO]- vf2 on No.982 GED
[INFO]- vf2 on No.983 GED
[INFO]- vf2 on No.984 GED
[INFO]- vf2 on No.985 GED
[INFO]- vf2 on No.986 GED
[INFO]- vf2 on No.987 GED
[INFO]- vf2 on No.988 GED
[INFO]- vf2 on No.989 GED
[INFO]- vf2 on No.990 GED
[INFO]- vf2 on No.991 GED
[INFO]- vf2 on No.992 GED
[INFO]- vf2 on No.993 GED
[INFO]- vf2 on No.994 GED
[INFO]- vf2 on No.995 GED
[INFO]- vf2 on No.996 GED
[INFO]- vf2 on No.997 GED
[INFO]- vf2 on No.998 GED
[INFO]- vf2 on No.999 GED
[INFO]- vf2 on No.1000 GED
[INFO]- vf2 on No.1001 GED
[INFO]- vf2 on No.1002 GED
[INFO]- vf2 on No.1003 GED
[INFO]- vf2 on No.1004 GED
[INFO]- vf2 on No.1005 GED
[INFO]- vf2 on No.1006 GED
[INFO]- vf2 on No.1007 GED
[INFO]- vf2 on No.1008 GED
[INFO]- vf2 on No.1009 GED
[INFO]- vf2 on No.1010 GED
[INFO]- vf2 on No.1011 GED
[INFO]- vf2 on No.1012 GED
[INFO]- vf2 on No.1013 GED
[INFO]- vf2 on No.1014 GED
[INFO]- vf2 on No.1015 GED
[INFO]- vf2 on No.1016 GED
[INFO]- vf2 on No.1017 GED
[INFO]- vf2 on No.1018 GED
[INFO]- vf2 on No.1019 GED
[INFO]- vf2 on No.1020 GED
[INFO]- vf2 on No.1021 GED
[INFO]- vf2 on No.1022 GED
[INFO]- vf2 on No.1023 GED
[INFO]- vf2 on No.1024 GED
[INFO]- vf2 on No.1025 GED
[INFO]- vf2 on No.1026 GED
[INFO]- vf2 on No.1027 GED
[INFO]- vf2 on No.1028 GED
[INFO]- vf2 on No.1029 GED
[INFO]- vf2 on No.1030 GED
[INFO]- vf2 on No.1031 GED
[INFO]- vf2 on No.1032 GED
[INFO]- vf2 on No.1033 GED
[INFO]- vf2 on No.1034 GED
[INFO]- vf2 on No.1035 GED
[INFO]- vf2 on No.1036 GED
[INFO]- vf2 on No.1037 GED
[INFO]- vf2 on No.1038 GED
[INFO]- vf2 on No.1039 GED
[INFO]- vf2 on No.1040 GED
[INFO]- vf2 on No.1041 GED
[INFO]- vf2 on No.1042 GED
[INFO]- vf2 on No.1043 GED
[INFO]- vf2 on No.1044 GED
[INFO]- vf2 on No.1045 GED
[INFO]- vf2 on No.1046 GED
[INFO]- vf2 on No.1047 GED
[INFO]- vf2 on No.1048 GED
[INFO]- vf2 on No.1049 GED
[INFO]- vf2 on No.1050 GED
[INFO]- vf2 on No.1051 GED
[INFO]- vf2 on No.1052 GED
[INFO]- vf2 on No.1053 GED
[INFO]- vf2 on No.1054 GED
[INFO]- vf2 on No.1055 GED
[INFO]- vf2 on No.1056 GED
[INFO]- vf2 on No.1057 GED
[INFO]- vf2 on No.1058 GED
[INFO]- vf2 on No.1059 GED
[INFO]- vf2 on No.1060 GED
[INFO]- vf2 on No.1061 GED
[INFO]- vf2 on No.1062 GED
[INFO]- vf2 on No.1063 GED
[INFO]- vf2 on No.1064 GED
[INFO]- vf2 on No.1065 GED
[INFO]- vf2 on No.1066 GED
[INFO]- vf2 on No.1067 GED
[INFO]- vf2 on No.1068 GED
[INFO]- vf2 on No.1069 GED
[INFO]- vf2 on No.1070 GED
[INFO]- vf2 on No.1071 GED
[INFO]- vf2 on No.1072 GED
[INFO]- vf2 on No.1073 GED
[INFO]- vf2 on No.1074 GED
[INFO]- vf2 on No.1075 GED
[INFO]- vf2 on No.1076 GED
[INFO]- vf2 on No.1077 GED
[INFO]- vf2 on No.1078 GED
[INFO]- vf2 on No.1079 GED
[INFO]- vf2 on No.1080 GED
[INFO]- vf2 on No.1081 GED
[INFO]- vf2 on No.1082 GED
[INFO]- vf2 on No.1083 GED
[INFO]- vf2 on No.1084 GED
[INFO]- vf2 on No.1085 GED
[INFO]- vf2 on No.1086 GED
[INFO]- vf2 on No.1087 GED
[INFO]- vf2 on No.1088 GED
[INFO]- vf2 on No.1089 GED
[INFO]- vf2 on No.1090 GED
[INFO]- vf2 on No.1091 GED
[INFO]- vf2 on No.1092 GED
[INFO]- vf2 on No.1093 GED
[INFO]- vf2 on No.1094 GED
[CORE]~ Completed
[CORE]~ Start Writing Mapping
[CORE]~ Completed
[CORE]~ Start Validating GED
[INFO]- Checking NO.1 GED: 0
[INFO]- Checking NO.2 GED: 0
[INFO]- Checking NO.3 GED: 1
[INFO]- Checking NO.4 GED: 1
[INFO]- Checking NO.5 GED: 1
[INFO]- Checking NO.6 GED: 0
[INFO]- Checking NO.7 GED: 0
[INFO]- Checking NO.8 GED: 0
[INFO]- Checking NO.9 GED: 0
[INFO]- Checking NO.10 GED: 0
[INFO]- Checking NO.11 GED: 1
[INFO]- Checking NO.12 GED: 1
[INFO]- Checking NO.13 GED: 1
[INFO]- Checking NO.14 GED: 0
[INFO]- Checking NO.15 GED: 0
[INFO]- Checking NO.16 GED: 0
[INFO]- Checking NO.17 GED: 0
[INFO]- Checking NO.18 GED: 0
[INFO]- Checking NO.19 GED: 1
[INFO]- Checking NO.20 GED: 0
[INFO]- Checking NO.21 GED: 0
[INFO]- Checking NO.22 GED: 0
[INFO]- Checking NO.23 GED: 0
[INFO]- Checking NO.24 GED: 0
[INFO]- Checking NO.25 GED: 0
[INFO]- Checking NO.26 GED: 0
[INFO]- Checking NO.27 GED: 0
[INFO]- Checking NO.28 GED: 0
[INFO]- Checking NO.29 GED: 0
[INFO]- Checking NO.30 GED: 1
[INFO]- Checking NO.31 GED: 0
[INFO]- Checking NO.32 GED: 0
[INFO]- Checking NO.33 GED: 0
[INFO]- Checking NO.34 GED: 0
[INFO]- Checking NO.35 GED: 0
[INFO]- Checking NO.36 GED: 0
[INFO]- Checking NO.37 GED: 1
[INFO]- Checking NO.38 GED: 0
[INFO]- Checking NO.39 GED: 0
[INFO]- Checking NO.40 GED: 0
[INFO]- Checking NO.41 GED: 0
[INFO]- Checking NO.42 GED: 0
[INFO]- Checking NO.43 GED: 0
[INFO]- Checking NO.44 GED: 0
[INFO]- Checking NO.45 GED: 0
[INFO]- Checking NO.46 GED: 1
[INFO]- Checking NO.47 GED: 0
[INFO]- Checking NO.48 GED: 1
[INFO]- Checking NO.49 GED: 0
[INFO]- Checking NO.50 GED: 0
[INFO]- Checking NO.51 GED: 0
[INFO]- Checking NO.52 GED: 0
[INFO]- Checking NO.53 GED: 0
[INFO]- Checking NO.54 GED: 0
[INFO]- Checking NO.55 GED: 0
[INFO]- Checking NO.56 GED: 1
[INFO]- Checking NO.57 GED: 1
[INFO]- Checking NO.58 GED: 0
[INFO]- Checking NO.59 GED: 1
[INFO]- Checking NO.60 GED: 0
[INFO]- Checking NO.61 GED: 0
[INFO]- Checking NO.62 GED: 0
[INFO]- Checking NO.63 GED: 1
[INFO]- Checking NO.64 GED: 0
[INFO]- Checking NO.65 GED: 0
[INFO]- Checking NO.66 GED: 1
[INFO]- Checking NO.67 GED: 0
[INFO]- Checking NO.68 GED: 0
[INFO]- Checking NO.69 GED: 0
[INFO]- Checking NO.70 GED: 0
[INFO]- Checking NO.71 GED: 0
[INFO]- Checking NO.72 GED: 0
[INFO]- Checking NO.73 GED: 0
[INFO]- Checking NO.74 GED: 0
[INFO]- Checking NO.75 GED: 0
[INFO]- Checking NO.76 GED: 0
[INFO]- Checking NO.77 GED: 1
[INFO]- Checking NO.78 GED: 0
[INFO]- Checking NO.79 GED: 0
[INFO]- Checking NO.80 GED: 0
[INFO]- Checking NO.81 GED: 1
[INFO]- Checking NO.82 GED: 0
[INFO]- Checking NO.83 GED: 0
[INFO]- Checking NO.84 GED: 1
[INFO]- Checking NO.85 GED: 0
[INFO]- Checking NO.86 GED: 0
[INFO]- Checking NO.87 GED: 1
[INFO]- Checking NO.88 GED: 1
[INFO]- Checking NO.89 GED: 1
[INFO]- Checking NO.90 GED: 1
[INFO]- Checking NO.91 GED: 0
[INFO]- Checking NO.92 GED: 0
[INFO]- Checking NO.93 GED: 0
[INFO]- Checking NO.94 GED: 0
[INFO]- Checking NO.95 GED: 0
[INFO]- Checking NO.96 GED: 0
[INFO]- Checking NO.97 GED: 0
[INFO]- Checking NO.98 GED: 0
[INFO]- Checking NO.99 GED: 0
[INFO]- Checking NO.100 GED: 0
[INFO]- Checking NO.101 GED: 0
[INFO]- Checking NO.102 GED: 0
[INFO]- Checking NO.103 GED: 0
[INFO]- Checking NO.104 GED: 0
[INFO]- Checking NO.105 GED: 0
[INFO]- Checking NO.106 GED: 0
[INFO]- Checking NO.107 GED: 0
[INFO]- Checking NO.108 GED: 1
[INFO]- Checking NO.109 GED: 1
[INFO]- Checking NO.110 GED: 0
[INFO]- Checking NO.111 GED: 0
[INFO]- Checking NO.112 GED: 0
[INFO]- Checking NO.113 GED: 0
[INFO]- Checking NO.114 GED: 0
[INFO]- Checking NO.115 GED: 0
[INFO]- Checking NO.116 GED: 0
[INFO]- Checking NO.117 GED: 0
[INFO]- Checking NO.118 GED: 1
[INFO]- Checking NO.119 GED: 1
[INFO]- Checking NO.120 GED: 0
[INFO]- Checking NO.121 GED: 0
[INFO]- Checking NO.122 GED: 0
[INFO]- Checking NO.123 GED: 0
[INFO]- Checking NO.124 GED: 0
[INFO]- Checking NO.125 GED: 0
[INFO]- Checking NO.126 GED: 0
[INFO]- Checking NO.127 GED: 0
[INFO]- Checking NO.128 GED: 0
[INFO]- Checking NO.129 GED: 1
[INFO]- Checking NO.130 GED: 0
[INFO]- Checking NO.131 GED: 0
[INFO]- Checking NO.132 GED: 0
[INFO]- Checking NO.133 GED: 0
[INFO]- Checking NO.134 GED: 0
[INFO]- Checking NO.135 GED: 0
[INFO]- Checking NO.136 GED: 0
[INFO]- Checking NO.137 GED: 0
[INFO]- Checking NO.138 GED: 0
[INFO]- Checking NO.139 GED: 0
[INFO]- Checking NO.140 GED: 1
[INFO]- Checking NO.141 GED: 1
[INFO]- Checking NO.142 GED: 1
[INFO]- Checking NO.143 GED: 1
[INFO]- Checking NO.144 GED: 0
[INFO]- Checking NO.145 GED: 0
[INFO]- Checking NO.146 GED: 0
[INFO]- Checking NO.147 GED: 0
[INFO]- Checking NO.148 GED: 0
[INFO]- Checking NO.149 GED: 0
[INFO]- Checking NO.150 GED: 0
[INFO]- Checking NO.151 GED: 0
[INFO]- Checking NO.152 GED: 0
[INFO]- Checking NO.153 GED: 0
[INFO]- Checking NO.154 GED: 1
[INFO]- Checking NO.155 GED: 0
[INFO]- Checking NO.156 GED: 0
[INFO]- Checking NO.157 GED: 0
[INFO]- Checking NO.158 GED: 0
[INFO]- Checking NO.159 GED: 1
[INFO]- Checking NO.160 GED: 0
[INFO]- Checking NO.161 GED: 0
[INFO]- Checking NO.162 GED: 0
[INFO]- Checking NO.163 GED: 1
[INFO]- Checking NO.164 GED: 0
[INFO]- Checking NO.165 GED: 1
[INFO]- Checking NO.166 GED: 0
[INFO]- Checking NO.167 GED: 0
[INFO]- Checking NO.168 GED: 0
[INFO]- Checking NO.169 GED: 0
[INFO]- Checking NO.170 GED: 1
[INFO]- Checking NO.171 GED: 0
[INFO]- Checking NO.172 GED: 0
[INFO]- Checking NO.173 GED: 1
[INFO]- Checking NO.174 GED: 1
[INFO]- Checking NO.175 GED: 0
[INFO]- Checking NO.176 GED: 1
[INFO]- Checking NO.177 GED: 0
[INFO]- Checking NO.178 GED: 0
[INFO]- Checking NO.179 GED: 0
[INFO]- Checking NO.180 GED: 0
[INFO]- Checking NO.181 GED: 0
[INFO]- Checking NO.182 GED: 1
[INFO]- Checking NO.183 GED: 0
[INFO]- Checking NO.184 GED: 0
[INFO]- Checking NO.185 GED: 1
[INFO]- Checking NO.186 GED: 1
[INFO]- Checking NO.187 GED: 0
[INFO]- Checking NO.188 GED: 0
[INFO]- Checking NO.189 GED: 0
[INFO]- Checking NO.190 GED: 1
[INFO]- Checking NO.191 GED: 0
[INFO]- Checking NO.192 GED: 0
[INFO]- Checking NO.193 GED: 0
[INFO]- Checking NO.194 GED: 0
[INFO]- Checking NO.195 GED: 0
[INFO]- Checking NO.196 GED: 0
[INFO]- Checking NO.197 GED: 0
[INFO]- Checking NO.198 GED: 0
[INFO]- Checking NO.199 GED: 0
[INFO]- Checking NO.200 GED: 0
[INFO]- Checking NO.201 GED: 0
[INFO]- Checking NO.202 GED: 0
[INFO]- Checking NO.203 GED: 0
[INFO]- Checking NO.204 GED: 0
[INFO]- Checking NO.205 GED: 0
[INFO]- Checking NO.206 GED: 0
[INFO]- Checking NO.207 GED: 1
[INFO]- Checking NO.208 GED: 1
[INFO]- Checking NO.209 GED: 0
[INFO]- Checking NO.210 GED: 0
[INFO]- Checking NO.211 GED: 0
[INFO]- Checking NO.212 GED: 0
[INFO]- Checking NO.213 GED: 1
[INFO]- Checking NO.214 GED: 0
[INFO]- Checking NO.215 GED: 0
[INFO]- Checking NO.216 GED: 0
[INFO]- Checking NO.217 GED: 0
[INFO]- Checking NO.218 GED: 1
[INFO]- Checking NO.219 GED: 0
[INFO]- Checking NO.220 GED: 0
[INFO]- Checking NO.221 GED: 0
[INFO]- Checking NO.222 GED: 0
[INFO]- Checking NO.223 GED: 0
[INFO]- Checking NO.224 GED: 0
[INFO]- Checking NO.225 GED: 0
[INFO]- Checking NO.226 GED: 0
[INFO]- Checking NO.227 GED: 0
[INFO]- Checking NO.228 GED: 0
[INFO]- Checking NO.229 GED: 1
[INFO]- Checking NO.230 GED: 0
[INFO]- Checking NO.231 GED: 0
[INFO]- Checking NO.232 GED: 1
[INFO]- Checking NO.233 GED: 1
[INFO]- Checking NO.234 GED: 0
[INFO]- Checking NO.235 GED: 0
[INFO]- Checking NO.236 GED: 0
[INFO]- Checking NO.237 GED: 0
[INFO]- Checking NO.238 GED: 0
[INFO]- Checking NO.239 GED: 0
[INFO]- Checking NO.240 GED: 1
[INFO]- Checking NO.241 GED: 0
[INFO]- Checking NO.242 GED: 0
[INFO]- Checking NO.243 GED: 0
[INFO]- Checking NO.244 GED: 0
[INFO]- Checking NO.245 GED: 0
[INFO]- Checking NO.246 GED: 0
[INFO]- Checking NO.247 GED: 0
[INFO]- Checking NO.248 GED: 0
[INFO]- Checking NO.249 GED: 1
[INFO]- Checking NO.250 GED: 0
[INFO]- Checking NO.251 GED: 1
[INFO]- Checking NO.252 GED: 1
[INFO]- Checking NO.253 GED: 1
[INFO]- Checking NO.254 GED: 0
[INFO]- Checking NO.255 GED: 0
[INFO]- Checking NO.256 GED: 0
[INFO]- Checking NO.257 GED: 0
[INFO]- Checking NO.258 GED: 0
[INFO]- Checking NO.259 GED: 0
[INFO]- Checking NO.260 GED: 0
[INFO]- Checking NO.261 GED: 0
[INFO]- Checking NO.262 GED: 0
[INFO]- Checking NO.263 GED: 0
[INFO]- Checking NO.264 GED: 0
[INFO]- Checking NO.265 GED: 0
[INFO]- Checking NO.266 GED: 0
[INFO]- Checking NO.267 GED: 1
[INFO]- Checking NO.268 GED: 0
[INFO]- Checking NO.269 GED: 0
[INFO]- Checking NO.270 GED: 0
[INFO]- Checking NO.271 GED: 0
[INFO]- Checking NO.272 GED: 0
[INFO]- Checking NO.273 GED: 0
[INFO]- Checking NO.274 GED: 0
[INFO]- Checking NO.275 GED: 0
[INFO]- Checking NO.276 GED: 0
[INFO]- Checking NO.277 GED: 0
[INFO]- Checking NO.278 GED: 0
[INFO]- Checking NO.279 GED: 0
[INFO]- Checking NO.280 GED: 0
[INFO]- Checking NO.281 GED: 0
[INFO]- Checking NO.282 GED: 0
[INFO]- Checking NO.283 GED: 0
[INFO]- Checking NO.284 GED: 1
[INFO]- Checking NO.285 GED: 0
[INFO]- Checking NO.286 GED: 0
[INFO]- Checking NO.287 GED: 0
[INFO]- Checking NO.288 GED: 0
[INFO]- Checking NO.289 GED: 1
[INFO]- Checking NO.290 GED: 0
[INFO]- Checking NO.291 GED: 0
[INFO]- Checking NO.292 GED: 0
[INFO]- Checking NO.293 GED: 0
[INFO]- Checking NO.294 GED: 1
[INFO]- Checking NO.295 GED: 0
[INFO]- Checking NO.296 GED: 1
[INFO]- Checking NO.297 GED: 1
[INFO]- Checking NO.298 GED: 1
[INFO]- Checking NO.299 GED: 0
[INFO]- Checking NO.300 GED: 0
[INFO]- Checking NO.301 GED: 0
[INFO]- Checking NO.302 GED: 0
[INFO]- Checking NO.303 GED: 0
[INFO]- Checking NO.304 GED: 1
[INFO]- Checking NO.305 GED: 0
[INFO]- Checking NO.306 GED: 0
[INFO]- Checking NO.307 GED: 0
[INFO]- Checking NO.308 GED: 0
[INFO]- Checking NO.309 GED: 0
[INFO]- Checking NO.310 GED: 1
[INFO]- Checking NO.311 GED: 0
[INFO]- Checking NO.312 GED: 0
[INFO]- Checking NO.313 GED: 0
[INFO]- Checking NO.314 GED: 1
[INFO]- Checking NO.315 GED: 1
[INFO]- Checking NO.316 GED: 0
[INFO]- Checking NO.317 GED: 1
[INFO]- Checking NO.318 GED: 0
[INFO]- Checking NO.319 GED: 0
[INFO]- Checking NO.320 GED: 1
[INFO]- Checking NO.321 GED: 0
[INFO]- Checking NO.322 GED: 1
[INFO]- Checking NO.323 GED: 0
[INFO]- Checking NO.324 GED: 1
[INFO]- Checking NO.325 GED: 0
[INFO]- Checking NO.326 GED: 0
[INFO]- Checking NO.327 GED: 0
[INFO]- Checking NO.328 GED: 1
[INFO]- Checking NO.329 GED: 0
[INFO]- Checking NO.330 GED: 0
[INFO]- Checking NO.331 GED: 0
[INFO]- Checking NO.332 GED: 0
[INFO]- Checking NO.333 GED: 0
[INFO]- Checking NO.334 GED: 0
[INFO]- Checking NO.335 GED: 0
[INFO]- Checking NO.336 GED: 1
[INFO]- Checking NO.337 GED: 1
[INFO]- Checking NO.338 GED: 1
[INFO]- Checking NO.339 GED: 0
[INFO]- Checking NO.340 GED: 0
[INFO]- Checking NO.341 GED: 0
[INFO]- Checking NO.342 GED: 0
[INFO]- Checking NO.343 GED: 1
[INFO]- Checking NO.344 GED: 1
[INFO]- Checking NO.345 GED: 0
[INFO]- Checking NO.346 GED: 0
[INFO]- Checking NO.347 GED: 0
[INFO]- Checking NO.348 GED: 0
[INFO]- Checking NO.349 GED: 0
[INFO]- Checking NO.350 GED: 0
[INFO]- Checking NO.351 GED: 1
[INFO]- Checking NO.352 GED: 1
[INFO]- Checking NO.353 GED: 0
[INFO]- Checking NO.354 GED: 0
[INFO]- Checking NO.355 GED: 0
[INFO]- Checking NO.356 GED: 0
[INFO]- Checking NO.357 GED: 0
[INFO]- Checking NO.358 GED: 0
[INFO]- Checking NO.359 GED: 1
[INFO]- Checking NO.360 GED: 0
[INFO]- Checking NO.361 GED: 0
[INFO]- Checking NO.362 GED: 0
[INFO]- Checking NO.363 GED: 0
[INFO]- Checking NO.364 GED: 0
[INFO]- Checking NO.365 GED: 0
[INFO]- Checking NO.366 GED: 0
[INFO]- Checking NO.367 GED: 1
[INFO]- Checking NO.368 GED: 0
[INFO]- Checking NO.369 GED: 0
[INFO]- Checking NO.370 GED: 0
[INFO]- Checking NO.371 GED: 0
[INFO]- Checking NO.372 GED: 0
[INFO]- Checking NO.373 GED: 0
[INFO]- Checking NO.374 GED: 0
[INFO]- Checking NO.375 GED: 0
[INFO]- Checking NO.376 GED: 1
[INFO]- Checking NO.377 GED: 1
[INFO]- Checking NO.378 GED: 0
[INFO]- Checking NO.379 GED: 0
[INFO]- Checking NO.380 GED: 0
[INFO]- Checking NO.381 GED: 0
[INFO]- Checking NO.382 GED: 1
[INFO]- Checking NO.383 GED: 0
[INFO]- Checking NO.384 GED: 0
[INFO]- Checking NO.385 GED: 0
[INFO]- Checking NO.386 GED: 0
[INFO]- Checking NO.387 GED: 0
[INFO]- Checking NO.388 GED: 1
[INFO]- Checking NO.389 GED: 0
[INFO]- Checking NO.390 GED: 0
[INFO]- Checking NO.391 GED: 0
[INFO]- Checking NO.392 GED: 0
[INFO]- Checking NO.393 GED: 1
[INFO]- Checking NO.394 GED: 0
[INFO]- Checking NO.395 GED: 0
[INFO]- Checking NO.396 GED: 0
[INFO]- Checking NO.397 GED: 1
[INFO]- Checking NO.398 GED: 0
[INFO]- Checking NO.399 GED: 0
[INFO]- Checking NO.400 GED: 0
[INFO]- Checking NO.401 GED: 0
[INFO]- Checking NO.402 GED: 0
[INFO]- Checking NO.403 GED: 0
[INFO]- Checking NO.404 GED: 0
[INFO]- Checking NO.405 GED: 0
[INFO]- Checking NO.406 GED: 0
[INFO]- Checking NO.407 GED: 0
[INFO]- Checking NO.408 GED: 0
[INFO]- Checking NO.409 GED: 0
[INFO]- Checking NO.410 GED: 0
[INFO]- Checking NO.411 GED: 0
[INFO]- Checking NO.412 GED: 1
[INFO]- Checking NO.413 GED: 0
[INFO]- Checking NO.414 GED: 0
[INFO]- Checking NO.415 GED: 0
[INFO]- Checking NO.416 GED: 1
[INFO]- Checking NO.417 GED: 0
[INFO]- Checking NO.418 GED: 0
[INFO]- Checking NO.419 GED: 0
[INFO]- Checking NO.420 GED: 0
[INFO]- Checking NO.421 GED: 0
[INFO]- Checking NO.422 GED: 0
[INFO]- Checking NO.423 GED: 0
[INFO]- Checking NO.424 GED: 0
[INFO]- Checking NO.425 GED: 0
[INFO]- Checking NO.426 GED: 0
[INFO]- Checking NO.427 GED: 0
[INFO]- Checking NO.428 GED: 0
[INFO]- Checking NO.429 GED: 0
[INFO]- Checking NO.430 GED: 0
[INFO]- Checking NO.431 GED: 0
[INFO]- Checking NO.432 GED: 0
[INFO]- Checking NO.433 GED: 0
[INFO]- Checking NO.434 GED: 0
[INFO]- Checking NO.435 GED: 0
[INFO]- Checking NO.436 GED: 0
[INFO]- Checking NO.437 GED: 0
[INFO]- Checking NO.438 GED: 0
[INFO]- Checking NO.439 GED: 0
[INFO]- Checking NO.440 GED: 0
[INFO]- Checking NO.441 GED: 0
[INFO]- Checking NO.442 GED: 0
[INFO]- Checking NO.443 GED: 0
[INFO]- Checking NO.444 GED: 0
[INFO]- Checking NO.445 GED: 0
[INFO]- Checking NO.446 GED: 0
[INFO]- Checking NO.447 GED: 0
[INFO]- Checking NO.448 GED: 0
[INFO]- Checking NO.449 GED: 0
[INFO]- Checking NO.450 GED: 0
[INFO]- Checking NO.451 GED: 1
[INFO]- Checking NO.452 GED: 0
[INFO]- Checking NO.453 GED: 0
[INFO]- Checking NO.454 GED: 0
[INFO]- Checking NO.455 GED: 0
[INFO]- Checking NO.456 GED: 1
[INFO]- Checking NO.457 GED: 1
[INFO]- Checking NO.458 GED: 0
[INFO]- Checking NO.459 GED: 0
[INFO]- Checking NO.460 GED: 0
[INFO]- Checking NO.461 GED: 0
[INFO]- Checking NO.462 GED: 1
[INFO]- Checking NO.463 GED: 0
[INFO]- Checking NO.464 GED: 1
[INFO]- Checking NO.465 GED: 1
[INFO]- Checking NO.466 GED: 0
[INFO]- Checking NO.467 GED: 0
[INFO]- Checking NO.468 GED: 0
[INFO]- Checking NO.469 GED: 0
[INFO]- Checking NO.470 GED: 0
[INFO]- Checking NO.471 GED: 0
[INFO]- Checking NO.472 GED: 0
[INFO]- Checking NO.473 GED: 0
[INFO]- Checking NO.474 GED: 1
[INFO]- Checking NO.475 GED: 0
[INFO]- Checking NO.476 GED: 0
[INFO]- Checking NO.477 GED: 0
[INFO]- Checking NO.478 GED: 0
[INFO]- Checking NO.479 GED: 0
[INFO]- Checking NO.480 GED: 0
[INFO]- Checking NO.481 GED: 0
[INFO]- Checking NO.482 GED: 0
[INFO]- Checking NO.483 GED: 0
[INFO]- Checking NO.484 GED: 1
[INFO]- Checking NO.485 GED: 0
[INFO]- Checking NO.486 GED: 0
[INFO]- Checking NO.487 GED: 0
[INFO]- Checking NO.488 GED: 0
[INFO]- Checking NO.489 GED: 0
[INFO]- Checking NO.490 GED: 0
[INFO]- Checking NO.491 GED: 0
[INFO]- Checking NO.492 GED: 0
[INFO]- Checking NO.493 GED: 1
[INFO]- Checking NO.494 GED: 1
[INFO]- Checking NO.495 GED: 0
[INFO]- Checking NO.496 GED: 0
[INFO]- Checking NO.497 GED: 0
[INFO]- Checking NO.498 GED: 1
[INFO]- Checking NO.499 GED: 0
[INFO]- Checking NO.500 GED: 0
[INFO]- Checking NO.501 GED: 0
[INFO]- Checking NO.502 GED: 0
[INFO]- Checking NO.503 GED: 0
[INFO]- Checking NO.504 GED: 1
[INFO]- Checking NO.505 GED: 0
[INFO]- Checking NO.506 GED: 1
[INFO]- Checking NO.507 GED: 0
[INFO]- Checking NO.508 GED: 0
[INFO]- Checking NO.509 GED: 0
[INFO]- Checking NO.510 GED: 0
[INFO]- Checking NO.511 GED: 0
[INFO]- Checking NO.512 GED: 0
[INFO]- Checking NO.513 GED: 0
[INFO]- Checking NO.514 GED: 0
[INFO]- Checking NO.515 GED: 0
[INFO]- Checking NO.516 GED: 1
[INFO]- Checking NO.517 GED: 0
[INFO]- Checking NO.518 GED: 0
[INFO]- Checking NO.519 GED: 0
[INFO]- Checking NO.520 GED: 1
[INFO]- Checking NO.521 GED: 0
[INFO]- Checking NO.522 GED: 0
[INFO]- Checking NO.523 GED: 0
[INFO]- Checking NO.524 GED: 0
[INFO]- Checking NO.525 GED: 0
[INFO]- Checking NO.526 GED: 0
[INFO]- Checking NO.527 GED: 0
[INFO]- Checking NO.528 GED: 0
[INFO]- Checking NO.529 GED: 1
[INFO]- Checking NO.530 GED: 1
[INFO]- Checking NO.531 GED: 0
[INFO]- Checking NO.532 GED: 0
[INFO]- Checking NO.533 GED: 0
[INFO]- Checking NO.534 GED: 0
[INFO]- Checking NO.535 GED: 0
[INFO]- Checking NO.536 GED: 0
[INFO]- Checking NO.537 GED: 0
[INFO]- Checking NO.538 GED: 0
[INFO]- Checking NO.539 GED: 0
[INFO]- Checking NO.540 GED: 0
[INFO]- Checking NO.541 GED: 0
[INFO]- Checking NO.542 GED: 0
[INFO]- Checking NO.543 GED: 0
[INFO]- Checking NO.544 GED: 0
[INFO]- Checking NO.545 GED: 0
[INFO]- Checking NO.546 GED: 0
[INFO]- Checking NO.547 GED: 0
[INFO]- Checking NO.548 GED: 0
[INFO]- Checking NO.549 GED: 0
[INFO]- Checking NO.550 GED: 1
[INFO]- Checking NO.551 GED: 0
[INFO]- Checking NO.552 GED: 1
[INFO]- Checking NO.553 GED: 0
[INFO]- Checking NO.554 GED: 0
[INFO]- Checking NO.555 GED: 0
[INFO]- Checking NO.556 GED: 0
[INFO]- Checking NO.557 GED: 0
[INFO]- Checking NO.558 GED: 1
[INFO]- Checking NO.559 GED: 0
[INFO]- Checking NO.560 GED: 1
[INFO]- Checking NO.561 GED: 0
[INFO]- Checking NO.562 GED: 0
[INFO]- Checking NO.563 GED: 0
[INFO]- Checking NO.564 GED: 0
[INFO]- Checking NO.565 GED: 1
[INFO]- Checking NO.566 GED: 0
[INFO]- Checking NO.567 GED: 0
[INFO]- Checking NO.568 GED: 1
[INFO]- Checking NO.569 GED: 1
[INFO]- Checking NO.570 GED: 0
[INFO]- Checking NO.571 GED: 0
[INFO]- Checking NO.572 GED: 0
[INFO]- Checking NO.573 GED: 0
[INFO]- Checking NO.574 GED: 0
[INFO]- Checking NO.575 GED: 0
[INFO]- Checking NO.576 GED: 0
[INFO]- Checking NO.577 GED: 1
[INFO]- Checking NO.578 GED: 0
[INFO]- Checking NO.579 GED: 0
[INFO]- Checking NO.580 GED: 0
[INFO]- Checking NO.581 GED: 0
[INFO]- Checking NO.582 GED: 0
[INFO]- Checking NO.583 GED: 0
[INFO]- Checking NO.584 GED: 0
[INFO]- Checking NO.585 GED: 0
[INFO]- Checking NO.586 GED: 0
[INFO]- Checking NO.587 GED: 0
[INFO]- Checking NO.588 GED: 1
[INFO]- Checking NO.589 GED: 1
[INFO]- Checking NO.590 GED: 0
[INFO]- Checking NO.591 GED: 0
[INFO]- Checking NO.592 GED: 1
[INFO]- Checking NO.593 GED: 1
[INFO]- Checking NO.594 GED: 0
[INFO]- Checking NO.595 GED: 0
[INFO]- Checking NO.596 GED: 0
[INFO]- Checking NO.597 GED: 0
[INFO]- Checking NO.598 GED: 0
[INFO]- Checking NO.599 GED: 0
[INFO]- Checking NO.600 GED: 0
[INFO]- Checking NO.601 GED: 0
[INFO]- Checking NO.602 GED: 0
[INFO]- Checking NO.603 GED: 1
[INFO]- Checking NO.604 GED: 0
[INFO]- Checking NO.605 GED: 0
[INFO]- Checking NO.606 GED: 0
[INFO]- Checking NO.607 GED: 0
[INFO]- Checking NO.608 GED: 0
[INFO]- Checking NO.609 GED: 0
[INFO]- Checking NO.610 GED: 0
[INFO]- Checking NO.611 GED: 1
[INFO]- Checking NO.612 GED: 0
[INFO]- Checking NO.613 GED: 0
[INFO]- Checking NO.614 GED: 0
[INFO]- Checking NO.615 GED: 0
[INFO]- Checking NO.616 GED: 0
[INFO]- Checking NO.617 GED: 0
[INFO]- Checking NO.618 GED: 0
[INFO]- Checking NO.619 GED: 1
[INFO]- Checking NO.620 GED: 0
[INFO]- Checking NO.621 GED: 0
[INFO]- Checking NO.622 GED: 0
[INFO]- Checking NO.623 GED: 0
[INFO]- Checking NO.624 GED: 1
[INFO]- Checking NO.625 GED: 0
[INFO]- Checking NO.626 GED: 0
[INFO]- Checking NO.627 GED: 1
[INFO]- Checking NO.628 GED: 0
[INFO]- Checking NO.629 GED: 0
[INFO]- Checking NO.630 GED: 0
[INFO]- Checking NO.631 GED: 0
[INFO]- Checking NO.632 GED: 0
[INFO]- Checking NO.633 GED: 0
[INFO]- Checking NO.634 GED: 0
[INFO]- Checking NO.635 GED: 0
[INFO]- Checking NO.636 GED: 0
[INFO]- Checking NO.637 GED: 0
[INFO]- Checking NO.638 GED: 0
[INFO]- Checking NO.639 GED: 0
[INFO]- Checking NO.640 GED: 1
[INFO]- Checking NO.641 GED: 0
[INFO]- Checking NO.642 GED: 0
[INFO]- Checking NO.643 GED: 0
[INFO]- Checking NO.644 GED: 0
[INFO]- Checking NO.645 GED: 0
[INFO]- Checking NO.646 GED: 0
[INFO]- Checking NO.647 GED: 0
[INFO]- Checking NO.648 GED: 0
[INFO]- Checking NO.649 GED: 0
[INFO]- Checking NO.650 GED: 0
[INFO]- Checking NO.651 GED: 0
[INFO]- Checking NO.652 GED: 1
[INFO]- Checking NO.653 GED: 0
[INFO]- Checking NO.654 GED: 0
[INFO]- Checking NO.655 GED: 0
[INFO]- Checking NO.656 GED: 0
[INFO]- Checking NO.657 GED: 1
[INFO]- Checking NO.658 GED: 0
[INFO]- Checking NO.659 GED: 0
[INFO]- Checking NO.660 GED: 0
[INFO]- Checking NO.661 GED: 0
[INFO]- Checking NO.662 GED: 0
[INFO]- Checking NO.663 GED: 0
[INFO]- Checking NO.664 GED: 0
[INFO]- Checking NO.665 GED: 0
[INFO]- Checking NO.666 GED: 0
[INFO]- Checking NO.667 GED: 0
[INFO]- Checking NO.668 GED: 1
[INFO]- Checking NO.669 GED: 0
[INFO]- Checking NO.670 GED: 0
[INFO]- Checking NO.671 GED: 0
[INFO]- Checking NO.672 GED: 0
[INFO]- Checking NO.673 GED: 1
[INFO]- Checking NO.674 GED: 1
[INFO]- Checking NO.675 GED: 0
[INFO]- Checking NO.676 GED: 0
[INFO]- Checking NO.677 GED: 0
[INFO]- Checking NO.678 GED: 0
[INFO]- Checking NO.679 GED: 1
[INFO]- Checking NO.680 GED: 0
[INFO]- Checking NO.681 GED: 1
[INFO]- Checking NO.682 GED: 0
[INFO]- Checking NO.683 GED: 0
[INFO]- Checking NO.684 GED: 0
[INFO]- Checking NO.685 GED: 0
[INFO]- Checking NO.686 GED: 1
[INFO]- Checking NO.687 GED: 0
[INFO]- Checking NO.688 GED: 0
[INFO]- Checking NO.689 GED: 0
[INFO]- Checking NO.690 GED: 1
[INFO]- Checking NO.691 GED: 0
[INFO]- Checking NO.692 GED: 0
[INFO]- Checking NO.693 GED: 0
[INFO]- Checking NO.694 GED: 0
[INFO]- Checking NO.695 GED: 0
[INFO]- Checking NO.696 GED: 0
[INFO]- Checking NO.697 GED: 0
[INFO]- Checking NO.698 GED: 0
[INFO]- Checking NO.699 GED: 0
[INFO]- Checking NO.700 GED: 0
[INFO]- Checking NO.701 GED: 0
[INFO]- Checking NO.702 GED: 0
[INFO]- Checking NO.703 GED: 0
[INFO]- Checking NO.704 GED: 0
[INFO]- Checking NO.705 GED: 0
[INFO]- Checking NO.706 GED: 0
[INFO]- Checking NO.707 GED: 0
[INFO]- Checking NO.708 GED: 0
[INFO]- Checking NO.709 GED: 0
[INFO]- Checking NO.710 GED: 0
[INFO]- Checking NO.711 GED: 0
[INFO]- Checking NO.712 GED: 0
[INFO]- Checking NO.713 GED: 1
[INFO]- Checking NO.714 GED: 0
[INFO]- Checking NO.715 GED: 1
[INFO]- Checking NO.716 GED: 0
[INFO]- Checking NO.717 GED: 0
[INFO]- Checking NO.718 GED: 0
[INFO]- Checking NO.719 GED: 0
[INFO]- Checking NO.720 GED: 0
[INFO]- Checking NO.721 GED: 0
[INFO]- Checking NO.722 GED: 1
[INFO]- Checking NO.723 GED: 0
[INFO]- Checking NO.724 GED: 0
[INFO]- Checking NO.725 GED: 0
[INFO]- Checking NO.726 GED: 0
[INFO]- Checking NO.727 GED: 0
[INFO]- Checking NO.728 GED: 0
[INFO]- Checking NO.729 GED: 0
[INFO]- Checking NO.730 GED: 0
[INFO]- Checking NO.731 GED: 0
[INFO]- Checking NO.732 GED: 0
[INFO]- Checking NO.733 GED: 0
[INFO]- Checking NO.734 GED: 0
[INFO]- Checking NO.735 GED: 0
[INFO]- Checking NO.736 GED: 0
[INFO]- Checking NO.737 GED: 0
[INFO]- Checking NO.738 GED: 0
[INFO]- Checking NO.739 GED: 0
[INFO]- Checking NO.740 GED: 1
[INFO]- Checking NO.741 GED: 1
[INFO]- Checking NO.742 GED: 0
[INFO]- Checking NO.743 GED: 0
[INFO]- Checking NO.744 GED: 0
[INFO]- Checking NO.745 GED: 0
[INFO]- Checking NO.746 GED: 0
[INFO]- Checking NO.747 GED: 0
[INFO]- Checking NO.748 GED: 0
[INFO]- Checking NO.749 GED: 1
[INFO]- Checking NO.750 GED: 0
[INFO]- Checking NO.751 GED: 0
[INFO]- Checking NO.752 GED: 0
[INFO]- Checking NO.753 GED: 0
[INFO]- Checking NO.754 GED: 0
[INFO]- Checking NO.755 GED: 0
[INFO]- Checking NO.756 GED: 0
[INFO]- Checking NO.757 GED: 0
[INFO]- Checking NO.758 GED: 0
[INFO]- Checking NO.759 GED: 0
[INFO]- Checking NO.760 GED: 0
[INFO]- Checking NO.761 GED: 1
[INFO]- Checking NO.762 GED: 0
[INFO]- Checking NO.763 GED: 0
[INFO]- Checking NO.764 GED: 0
[INFO]- Checking NO.765 GED: 0
[INFO]- Checking NO.766 GED: 1
[INFO]- Checking NO.767 GED: 0
[INFO]- Checking NO.768 GED: 0
[INFO]- Checking NO.769 GED: 1
[INFO]- Checking NO.770 GED: 0
[INFO]- Checking NO.771 GED: 0
[INFO]- Checking NO.772 GED: 0
[INFO]- Checking NO.773 GED: 0
[INFO]- Checking NO.774 GED: 0
[INFO]- Checking NO.775 GED: 0
[INFO]- Checking NO.776 GED: 0
[INFO]- Checking NO.777 GED: 0
[INFO]- Checking NO.778 GED: 0
[INFO]- Checking NO.779 GED: 0
[INFO]- Checking NO.780 GED: 0
[INFO]- Checking NO.781 GED: 0
[INFO]- Checking NO.782 GED: 0
[INFO]- Checking NO.783 GED: 0
[INFO]- Checking NO.784 GED: 0
[INFO]- Checking NO.785 GED: 0
[INFO]- Checking NO.786 GED: 0
[INFO]- Checking NO.787 GED: 0
[INFO]- Checking NO.788 GED: 0
[INFO]- Checking NO.789 GED: 0
[INFO]- Checking NO.790 GED: 0
[INFO]- Checking NO.791 GED: 0
[INFO]- Checking NO.792 GED: 0
[INFO]- Checking NO.793 GED: 1
[INFO]- Checking NO.794 GED: 1
[INFO]- Checking NO.795 GED: 0
[INFO]- Checking NO.796 GED: 0
[INFO]- Checking NO.797 GED: 0
[INFO]- Checking NO.798 GED: 0
[INFO]- Checking NO.799 GED: 1
[INFO]- Checking NO.800 GED: 0
[INFO]- Checking NO.801 GED: 0
[INFO]- Checking NO.802 GED: 0
[INFO]- Checking NO.803 GED: 0
[INFO]- Checking NO.804 GED: 1
[INFO]- Checking NO.805 GED: 0
[INFO]- Checking NO.806 GED: 0
[INFO]- Checking NO.807 GED: 1
[INFO]- Checking NO.808 GED: 0
[INFO]- Checking NO.809 GED: 0
[INFO]- Checking NO.810 GED: 0
[INFO]- Checking NO.811 GED: 0
[INFO]- Checking NO.812 GED: 0
[INFO]- Checking NO.813 GED: 0
[INFO]- Checking NO.814 GED: 0
[INFO]- Checking NO.815 GED: 0
[INFO]- Checking NO.816 GED: 0
[INFO]- Checking NO.817 GED: 0
[INFO]- Checking NO.818 GED: 0
[INFO]- Checking NO.819 GED: 0
[INFO]- Checking NO.820 GED: 0
[INFO]- Checking NO.821 GED: 0
[INFO]- Checking NO.822 GED: 0
[INFO]- Checking NO.823 GED: 0
[INFO]- Checking NO.824 GED: 1
[INFO]- Checking NO.825 GED: 0
[INFO]- Checking NO.826 GED: 1
[INFO]- Checking NO.827 GED: 0
[INFO]- Checking NO.828 GED: 0
[INFO]- Checking NO.829 GED: 0
[INFO]- Checking NO.830 GED: 1
[INFO]- Checking NO.831 GED: 0
[INFO]- Checking NO.832 GED: 1
[INFO]- Checking NO.833 GED: 0
[INFO]- Checking NO.834 GED: 1
[INFO]- Checking NO.835 GED: 0
[INFO]- Checking NO.836 GED: 0
[INFO]- Checking NO.837 GED: 0
[INFO]- Checking NO.838 GED: 0
[INFO]- Checking NO.839 GED: 0
[INFO]- Checking NO.840 GED: 0
[INFO]- Checking NO.841 GED: 0
[INFO]- Checking NO.842 GED: 0
[INFO]- Checking NO.843 GED: 0
[INFO]- Checking NO.844 GED: 0
[INFO]- Checking NO.845 GED: 0
[INFO]- Checking NO.846 GED: 0
[INFO]- Checking NO.847 GED: 0
[INFO]- Checking NO.848 GED: 0
[INFO]- Checking NO.849 GED: 0
[INFO]- Checking NO.850 GED: 1
[INFO]- Checking NO.851 GED: 0
[INFO]- Checking NO.852 GED: 0
[INFO]- Checking NO.853 GED: 0
[INFO]- Checking NO.854 GED: 0
[INFO]- Checking NO.855 GED: 0
[INFO]- Checking NO.856 GED: 0
[INFO]- Checking NO.857 GED: 0
[INFO]- Checking NO.858 GED: 0
[INFO]- Checking NO.859 GED: 0
[INFO]- Checking NO.860 GED: 0
[INFO]- Checking NO.861 GED: 0
[INFO]- Checking NO.862 GED: 0
[INFO]- Checking NO.863 GED: 0
[INFO]- Checking NO.864 GED: 0
[INFO]- Checking NO.865 GED: 0
[INFO]- Checking NO.866 GED: 0
[INFO]- Checking NO.867 GED: 0
[INFO]- Checking NO.868 GED: 1
[INFO]- Checking NO.869 GED: 0
[INFO]- Checking NO.870 GED: 0
[INFO]- Checking NO.871 GED: 0
[INFO]- Checking NO.872 GED: 1
[INFO]- Checking NO.873 GED: 0
[INFO]- Checking NO.874 GED: 0
[INFO]- Checking NO.875 GED: 0
[INFO]- Checking NO.876 GED: 0
[INFO]- Checking NO.877 GED: 0
[INFO]- Checking NO.878 GED: 0
[INFO]- Checking NO.879 GED: 0
[INFO]- Checking NO.880 GED: 0
[INFO]- Checking NO.881 GED: 0
[INFO]- Checking NO.882 GED: 0
[INFO]- Checking NO.883 GED: 0
[INFO]- Checking NO.884 GED: 0
[INFO]- Checking NO.885 GED: 1
[INFO]- Checking NO.886 GED: 0
[INFO]- Checking NO.887 GED: 0
[INFO]- Checking NO.888 GED: 0
[INFO]- Checking NO.889 GED: 0
[INFO]- Checking NO.890 GED: 0
[INFO]- Checking NO.891 GED: 0
[INFO]- Checking NO.892 GED: 0
[INFO]- Checking NO.893 GED: 0
[INFO]- Checking NO.894 GED: 1
[INFO]- Checking NO.895 GED: 0
[INFO]- Checking NO.896 GED: 0
[INFO]- Checking NO.897 GED: 0
[INFO]- Checking NO.898 GED: 0
[INFO]- Checking NO.899 GED: 1
[INFO]- Checking NO.900 GED: 0
[INFO]- Checking NO.901 GED: 0
[INFO]- Checking NO.902 GED: 0
[INFO]- Checking NO.903 GED: 0
[INFO]- Checking NO.904 GED: 1
[INFO]- Checking NO.905 GED: 0
[INFO]- Checking NO.906 GED: 0
[INFO]- Checking NO.907 GED: 1
[INFO]- Checking NO.908 GED: 1
[INFO]- Checking NO.909 GED: 1
[INFO]- Checking NO.910 GED: 0
[INFO]- Checking NO.911 GED: 0
[INFO]- Checking NO.912 GED: 0
[INFO]- Checking NO.913 GED: 0
[INFO]- Checking NO.914 GED: 0
[INFO]- Checking NO.915 GED: 0
[INFO]- Checking NO.916 GED: 0
[INFO]- Checking NO.917 GED: 0
[INFO]- Checking NO.918 GED: 1
[INFO]- Checking NO.919 GED: 0
[INFO]- Checking NO.920 GED: 0
[INFO]- Checking NO.921 GED: 1
[INFO]- Checking NO.922 GED: 0
[INFO]- Checking NO.923 GED: 0
[INFO]- Checking NO.924 GED: 0
[INFO]- Checking NO.925 GED: 0
[INFO]- Checking NO.926 GED: 0
[INFO]- Checking NO.927 GED: 0
[INFO]- Checking NO.928 GED: 0
[INFO]- Checking NO.929 GED: 0
[INFO]- Checking NO.930 GED: 0
[INFO]- Checking NO.931 GED: 0
[INFO]- Checking NO.932 GED: 0
[INFO]- Checking NO.933 GED: 0
[INFO]- Checking NO.934 GED: 0
[INFO]- Checking NO.935 GED: 0
[INFO]- Checking NO.936 GED: 0
[INFO]- Checking NO.937 GED: 0
[INFO]- Checking NO.938 GED: 0
[INFO]- Checking NO.939 GED: 0
[INFO]- Checking NO.940 GED: 0
[INFO]- Checking NO.941 GED: 1
[INFO]- Checking NO.942 GED: 0
[INFO]- Checking NO.943 GED: 1
[INFO]- Checking NO.944 GED: 0
[INFO]- Checking NO.945 GED: 0
[INFO]- Checking NO.946 GED: 0
[INFO]- Checking NO.947 GED: 0
[INFO]- Checking NO.948 GED: 1
[INFO]- Checking NO.949 GED: 0
[INFO]- Checking NO.950 GED: 0
[INFO]- Checking NO.951 GED: 1
[INFO]- Checking NO.952 GED: 0
[INFO]- Checking NO.953 GED: 0
[INFO]- Checking NO.954 GED: 0
[INFO]- Checking NO.955 GED: 0
[INFO]- Checking NO.956 GED: 0
[INFO]- Checking NO.957 GED: 1
[INFO]- Checking NO.958 GED: 0
[INFO]- Checking NO.959 GED: 0
[INFO]- Checking NO.960 GED: 0
[INFO]- Checking NO.961 GED: 0
[INFO]- Checking NO.962 GED: 0
[INFO]- Checking NO.963 GED: 0
[INFO]- Checking NO.964 GED: 0
[INFO]- Checking NO.965 GED: 0
[INFO]- Checking NO.966 GED: 0
[INFO]- Checking NO.967 GED: 1
[INFO]- Checking NO.968 GED: 0
[INFO]- Checking NO.969 GED: 0
[INFO]- Checking NO.970 GED: 0
[INFO]- Checking NO.971 GED: 0
[INFO]- Checking NO.972 GED: 0
[INFO]- Checking NO.973 GED: 0
[INFO]- Checking NO.974 GED: 0
[INFO]- Checking NO.975 GED: 1
[INFO]- Checking NO.976 GED: 0
[INFO]- Checking NO.977 GED: 0
[INFO]- Checking NO.978 GED: 0
[INFO]- Checking NO.979 GED: 0
[INFO]- Checking NO.980 GED: 0
[INFO]- Checking NO.981 GED: 0
[INFO]- Checking NO.982 GED: 1
[INFO]- Checking NO.983 GED: 0
[INFO]- Checking NO.984 GED: 1
[INFO]- Checking NO.985 GED: 1
[INFO]- Checking NO.986 GED: 1
[INFO]- Checking NO.987 GED: 0
[INFO]- Checking NO.988 GED: 0
[INFO]- Checking NO.989 GED: 0
[INFO]- Checking NO.990 GED: 0
[INFO]- Checking NO.991 GED: 0
[INFO]- Checking NO.992 GED: 0
[INFO]- Checking NO.993 GED: 0
[INFO]- Checking NO.994 GED: 1
[INFO]- Checking NO.995 GED: 0
[INFO]- Checking NO.996 GED: 1
[INFO]- Checking NO.997 GED: 0
[INFO]- Checking NO.998 GED: 0
[INFO]- Checking NO.999 GED: 1
[INFO]- Checking NO.1000 GED: 0
[INFO]- Checking NO.1001 GED: 0
[INFO]- Checking NO.1002 GED: 0
[INFO]- Checking NO.1003 GED: 0
[INFO]- Checking NO.1004 GED: 0
[INFO]- Checking NO.1005 GED: 0
[INFO]- Checking NO.1006 GED: 0
[INFO]- Checking NO.1007 GED: 0
[INFO]- Checking NO.1008 GED: 0
[INFO]- Checking NO.1009 GED: 0
[INFO]- Checking NO.1010 GED: 1
[INFO]- Checking NO.1011 GED: 0
[INFO]- Checking NO.1012 GED: 1
[INFO]- Checking NO.1013 GED: 0
[INFO]- Checking NO.1014 GED: 0
[INFO]- Checking NO.1015 GED: 0
[INFO]- Checking NO.1016 GED: 1
[INFO]- Checking NO.1017 GED: 0
[INFO]- Checking NO.1018 GED: 0
[INFO]- Checking NO.1019 GED: 1
[INFO]- Checking NO.1020 GED: 0
[INFO]- Checking NO.1021 GED: 1
[INFO]- Checking NO.1022 GED: 0
[INFO]- Checking NO.1023 GED: 1
[INFO]- Checking NO.1024 GED: 0
[INFO]- Checking NO.1025 GED: 1
[INFO]- Checking NO.1026 GED: 0
[INFO]- Checking NO.1027 GED: 0
[INFO]- Checking NO.1028 GED: 0
[INFO]- Checking NO.1029 GED: 0
[INFO]- Checking NO.1030 GED: 0
[INFO]- Checking NO.1031 GED: 1
[INFO]- Checking NO.1032 GED: 0
[INFO]- Checking NO.1033 GED: 0
[INFO]- Checking NO.1034 GED: 0
[INFO]- Checking NO.1035 GED: 0
[INFO]- Checking NO.1036 GED: 1
[INFO]- Checking NO.1037 GED: 0
[INFO]- Checking NO.1038 GED: 0
[INFO]- Checking NO.1039 GED: 0
[INFO]- Checking NO.1040 GED: 0
[INFO]- Checking NO.1041 GED: 0
[INFO]- Checking NO.1042 GED: 0
[INFO]- Checking NO.1043 GED: 0
[INFO]- Checking NO.1044 GED: 0
[INFO]- Checking NO.1045 GED: 0
[INFO]- Checking NO.1046 GED: 0
[INFO]- Checking NO.1047 GED: 0
[INFO]- Checking NO.1048 GED: 0
[INFO]- Checking NO.1049 GED: 0
[INFO]- Checking NO.1050 GED: 0
[INFO]- Checking NO.1051 GED: 0
[INFO]- Checking NO.1052 GED: 0
[INFO]- Checking NO.1053 GED: 0
[INFO]- Checking NO.1054 GED: 0
[INFO]- Checking NO.1055 GED: 0
[INFO]- Checking NO.1056 GED: 0
[INFO]- Checking NO.1057 GED: 0
[INFO]- Checking NO.1058 GED: 1
[INFO]- Checking NO.1059 GED: 0
[INFO]- Checking NO.1060 GED: 0
[INFO]- Checking NO.1061 GED: 1
[INFO]- Checking NO.1062 GED: 0
[INFO]- Checking NO.1063 GED: 1
[INFO]- Checking NO.1064 GED: 1
[INFO]- Checking NO.1065 GED: 0
[INFO]- Checking NO.1066 GED: 0
[INFO]- Checking NO.1067 GED: 0
[INFO]- Checking NO.1068 GED: 0
[INFO]- Checking NO.1069 GED: 0
[INFO]- Checking NO.1070 GED: 0
[INFO]- Checking NO.1071 GED: 0
[INFO]- Checking NO.1072 GED: 0
[INFO]- Checking NO.1073 GED: 0
[INFO]- Checking NO.1074 GED: 0
[INFO]- Checking NO.1075 GED: 1
[INFO]- Checking NO.1076 GED: 0
[INFO]- Checking NO.1077 GED: 1
[INFO]- Checking NO.1078 GED: 0
[INFO]- Checking NO.1079 GED: 0
[INFO]- Checking NO.1080 GED: 0
[INFO]- Checking NO.1081 GED: 0
[INFO]- Checking NO.1082 GED: 1
[INFO]- Checking NO.1083 GED: 0
[INFO]- Checking NO.1084 GED: 0
[INFO]- Checking NO.1085 GED: 0
[INFO]- Checking NO.1086 GED: 0
[INFO]- Checking NO.1087 GED: 0
[INFO]- Checking NO.1088 GED: 0
[INFO]- Checking NO.1089 GED: 1
[INFO]- Checking NO.1090 GED: 0
[INFO]- Checking NO.1091 GED: 0
[INFO]- Checking NO.1092 GED: 0
[INFO]- Checking NO.1093 GED: 0
[INFO]- Checking NO.1094 GED: 1
[TEST]* 
The results:
0	0	1	1	1	
0	0	0	0	0	
1	1	1	0	0	
0	0	0	1	0	
0	0	0	0	0	
0	0	0	0	1	
0	0	0	0	0	
0	1	0	0	0	
0	0	0	0	0	
1	0	1	0	0	
0	0	0	0	0	
1	1	0	1	0	
0	0	1	0	0	
1	0	0	0	0	
0	0	0	0	0	
0	1	0	0	0	
1	0	0	1	0	
0	1	1	1	1	
0	0	0	0	0	
0	0	0	0	0	
0	0	0	0	0	
0	0	1	1	0	
0	0	0	0	0	
0	0	1	1	0	
0	0	0	0	0	
0	0	0	1	0	
0	0	0	0	0	
0	0	0	0	1	
1	1	1	0	0	
0	0	0	0	0	
0	0	0	1	0	
0	0	0	1	0	
0	0	1	0	1	
0	0	0	0	1	
0	0	1	1	0	
1	0	0	0	0	
0	1	0	0	1	
1	0	0	0	1	
0	0	0	0	0	
0	0	0	0	0	
0	0	0	0	0	
0	1	1	0	0	
0	0	1	0	0	
0	0	1	0	0	
0	0	0	0	0	
0	0	0	1	0	
0	1	1	0	0	
0	0	0	0	1	
0	0	0	0	0	
0	0	0	1	0	
1	1	1	0	0	
0	0	0	0	0	
0	0	0	0	0	
0	1	0	0	0	
0	0	0	0	0	
0	0	0	0	0	
0	0	0	1	0	
0	0	0	1	0	
0	0	0	1	0	
1	1	1	0	0	
0	0	0	1	0	
0	0	0	0	1	
0	0	0	1	1	
0	1	0	0	1	
0	1	0	1	0	
0	0	1	0	0	
0	0	0	0	0	
1	1	1	0	0	
0	0	1	1	0	
0	0	0	0	0	
1	1	0	0	0	
0	0	0	1	0	
0	0	0	0	0	
0	1	0	0	0	
0	0	0	0	0	
1	1	0	0	0	
0	1	0	0	0	
0	0	1	0	0	
0	0	1	0	0	
0	1	0	0	0	
0	0	0	0	0	
0	0	0	0	0	
0	1	0	0	0	
1	0	0	0	0	
0	0	0	0	0	
0	0	0	0	0	
0	0	0	0	0	
0	0	0	0	0	
0	0	0	0	0	
0	0	0	0	0	
1	0	0	0	0	
1	1	0	0	0	
0	1	0	1	1	
0	0	0	0	0	
0	0	0	1	0	
0	0	0	0	0	
0	0	0	1	0	
0	0	0	0	0	
0	0	1	1	0	
0	0	1	0	0	
0	0	0	1	0	
1	0	0	0	0	
0	0	0	0	0	
1	0	0	0	1	
0	0	0	0	0	
0	0	0	1	1	
0	0	0	0	0	
0	0	0	0	0	
0	0	0	0	0	
0	0	0	0	1	
0	1	0	0	0	
0	0	1	0	1	
0	0	0	0	1	
0	0	1	1	0	
0	0	0	0	0	
0	1	0	0	0	
0	0	0	0	0	
0	0	1	1	0	
0	1	1	0	0	
0	0	0	0	0	
0	0	1	0	0	
0	0	0	0	0	
1	0	0	0	0	
0	0	0	1	0	
0	0	0	1	0	
0	1	0	0	0	
0	0	0	0	0	
0	0	0	0	1	
0	0	0	0	0	
0	0	0	0	0	
0	1	0	0	0	
0	1	0	0	0	
0	0	0	0	0	
0	0	1	0	0	
0	0	1	1	0	
0	0	0	1	0	
1	0	0	0	0	
1	0	0	0	1	
0	0	0	0	0	
0	0	0	0	0	
0	0	0	0	0	
0	0	0	0	0	
0	0	1	0	1	
0	0	0	0	0	
0	1	0	0	0	
0	0	0	0	0	
0	0	0	0	0	
0	0	0	0	1	
1	0	0	0	0	
0	0	0	1	0	
0	0	0	0	0	
0	0	0	0	0	
1	0	0	0	0	
1	0	0	1	0	
0	0	0	0	0	
0	0	0	0	0	
0	0	0	0	0	
0	0	0	0	0	
0	0	1	1	0	
0	0	0	1	0	
0	0	0	1	0	
0	1	0	0	0	
0	0	0	0	0	
0	0	0	0	0	
0	0	0	1	0	
1	0	0	0	1	
0	1	0	1	0	
0	0	0	0	0	
0	0	0	0	0	
0	0	0	0	1	
0	0	0	0	0	
0	0	0	0	0	
0	0	0	0	0	
0	0	1	0	0	
0	1	0	0	0	
0	0	0	0	0	
0	0	0	0	1	
0	0	0	0	0	
0	0	0	1	0	
0	0	0	1	0	
0	0	0	1	0	
0	1	1	1	0	
0	0	0	0	0	
0	0	1	0	0	
1	0	0	0	0	
0	0	0	0	0	
0	0	0	0	0	
0	0	0	0	0	
1	0	1	0	0	
0	0	1	0	0	
1	0	0	0	0	
0	1	0	0	0	
0	0	0	0	0	
0	1	0	0	0	
0	0	0	0	1	
0	0	0	0	0	
0	1	0	1	1	
1	0	0	0	0	
0	0	0	1	0	
1	0	0	1	0	
0	0	0	0	0	
0	0	0	0	1	
0	1	0	0	0	
1	0	0	1	0	
1	0	1	0	1	
0	0	0	0	0	
1	0	0	0	0	
1	0	0	0	0	
0	0	0	0	0	
0	0	0	0	0	
0	0	0	0	0	
0	0	1	0	0	
1	0	1	1	0	
0	0	0	0	0	
0	0	0	0	1	
0	1	0	0	0	
0	1	0	0	0	
0	0	0	1	0	
0	0	0	1	
[CORE]~ Completed
[CORE]~ Start Writing Results
[CORE]~ Completed
