nohup: ignoring input
v	0	2	United_States
v	1	13	Mathematics
v	2	16	Toronto
v	3	15	Apollo_11
v	4	17	Neil_Armstrong
v	5	20	New_York_City
v	6	2	New_York
v	7	23	Washington,_D.C.
v	8	2	Switzerland
v	9	19	Austin,_Texas
v	10	2	Germany
v	11	2	Austria
v	12	2	Denmark
v	13	69	Newark,_New_Jersey
v	14	2	Pakistan
v	15	19	London
v	16	2	United_Kingdom
v	17	71	Mexico_City
v	18	19	Ontario
v	19	2	Australia
v	20	2	Mexico
v	21	25	Nashville,_Tennessee
v	22	19	Tennessee
v	23	2	Brazil
v	24	2	India
v	25	55	Mumbai
v	26	15	Art_Deco
v	27	1	List_of_Art_Deco_buildings
v	28	19	Sydney
v	29	2	New_Jersey
v	30	19	Texas
v	31	19	Berlin
v	32	19	Copenhagen
v	33	19	Munich
v	34	49	The_Hague
v	35	19	Dubai
v	36	15	Accounting
v	37	1	Standard_accounting_practice
v	38	0	Chartered_Accountant
v	39	1	Accounting_ethics
v	40	19	Dublin
v	41	25	Philadelphia
v	42	0	Popular_culture
v	43	19	Indiana
v	44	182	Brasília
v	45	171	Brussels
v	46	184	CBS
v	47	2	Bangladesh
v	48	153	Dhaka
v	49	55	Pune
v	50	19	Maharashtra
v	51	1	Third_Merkel_cabinet
v	52	2	Ireland
v	53	0	Basketball
v	54	5	Providence,_Rhode_Island
v	55	19	Arlington_County,_Virginia
v	56	1	en
v	57	15	Man_Booker_Prize
v	58	1	List_of_winners
v	59	1	Shortlisted_authors_of_the_Booker_Prize_for_Fiction
v	60	5	Chicago
v	61	2	Chile
v	62	13	index.html
v	63	27	Berkeley,_California
v	64	19	Colorado
v	65	261	Denver
v	66	19	Santiago
v	67	19	Melbourne
v	68	19	Virginia
v	69	19	Salzburg
v	70	2	Commonwealth_of_Nations
v	71	356	Bournemouth
v	72	15	Elephant
v	73	1	List_of_elephant_species
v	74	1	Elephant_and_mammoth_ivory
v	75	1	Captive_elephants
v	76	1	Execution_by_elephant
v	77	1	Culture_of_Kerala
v	78	1	2007
v	79	1	Jehovah's_Witnesses
v	80	19	Geneva
v	81	11	Northwest,_Washington,_D.C.
v	82	2	United_Arab_Emirates
v	83	0	Board_of_directors
v	84	425	Metro-Goldwyn-Mayer
v	85	1	Georgian_architecture
v	86	0	Secretary
v	87	456	New_Delhi
v	88	58	Miami
v	89	15	default.aspx
v	90	11	East_Lothian
v	91	21	Bethesda,_Maryland
v	92	55	Kolkata
v	93	0	Textile
v	94	15	Lambda
v	95	1	Turned_v
v	96	15	League_of_Nations
v	97	1	UEFA_Nations_League
v	98	1	Member_states_of_the_League_of_Nations
v	99	11	Spitalfields
v	100	1	Lists_of_Olympic_medalists
v	101	0	Olympic_Games
v	102	15	Organization_of_American_States
v	103	1	Organization_of_American_States__1
v	104	19	Islamabad
v	105	9	Nawaz_Sharif
v	106	0	Research
v	107	365	Wellington
v	108	15	Super_Bowl
v	109	1	List_of_most_watched_television_broadcasts
v	110	1	National_Football_League_on_television
v	111	1	List_of_Super_Bowl_lead-out_programs
v	112	1	List_of_national_anthem_performers_at_the_Super_Bowl
v	113	15	Superman
v	114	1	List_of_Superman_comics
v	115	1	Superman_(Earth-Two)
v	116	1	Superman_character
v	117	1	Cast
v	118	15	Spectrum
v	119	1	Spectrum_(disambiguation)
v	120	1	Spectral_density
v	121	11	History_of_the_Republic_of_China
v	122	11	Alhambra
v	123	210	Alexandria,_Virginia
v	124	15	Award
v	125	1	Decorations_of_the_United_States_military
v	126	0	Women's_rights
v	127	15	Bread
v	128	1	List_of_breads
v	129	94	Norwich
v	130	0	Wall_Street
v	131	5	Bloomington,_Indiana
v	132	15	Adoption
v	133	1	Adoption_fraud
v	134	15	Orders,_decorations,_and_medals_of_the_United_Kingdom
v	135	1	Chivalric_order
v	136	15	A_Midsummer_Night's_Dream
v	137	1	List_of_William_Shakespeare_screen_adaptations
v	138	15	Grammy_Award
v	139	11	Grammis
v	140	15	Pulitzer_Prize_for_Breaking_News_Reporting
v	141	15	Pulitzer_Prize_for_Investigative_Reporting
v	142	1	Phase_transition
v	143	11	Institute_of_Electrical_and_Electronics_Engineers
v	144	15	Paralympic_Games
v	145	1	List_of_athletes_who_have_competed
v	146	1	The_Paralympics
v	147	15	Thoroughbred_horse_racing
v	148	0	Horse_racing
v	149	15	Triple_Crown_of_Thoroughbred_Racing
v	150	0	National_Hunt_racing
v	151	15	Ophir
v	152	11	Orphir
v	153	15	Toastmasters_International
v	154	1	Toastmasters_International__1
v	155	1	Toastmasters_International__2
v	156	15	Hockey_Hall_of_Fame
v	157	1	List_of_members_of_the_Hockey_Hall_of_Fame
v	158	1	2010–14_NCAA_conference_realignment
v	159	1	Southwestern_Athletic_Conference
v	160	15	Bard
v	161	1	Irish_bardic_poetry
v	162	15	Western_Athletic_Conference
v	163	1	List_of_former_Southern_Conference_members
v	164	15	Baronet
v	165	1	Barony
v	166	1	Baronage
v	167	15	International_Mathematical_Olympiad
v	168	1	List_of_International_Mathematical_Olympiads
v	169	1	List_of_International_Mathematical_Olympiad_participants
v	170	15	International_Association_for_Cryptologic_Research
v	171	1	International_Association_for_Cryptologic_Research__1
v	172	15	Blood_transfusion
v	173	1	Blood_substitute
v	174	5	Irving,_Texas
v	175	21	Ronkonkoma,_New_York
v	176	1294	Reston,_Virginia
v	177	21	Tysons_Corner,_Virginia
v	178	15	Institution_of_Electrical_Engineers
v	179	15	World_war
v	180	1	World_War_III
v	181	1	List_of_world's_fairs
v	182	19	Middlesbrough
v	183	15	Federalist_Society
v	184	1	Federalist_Society__1
v	185	1	Federalist_Society__2
v	186	1	Federalist_Society__3
v	187	15	Government_of_Hong_Kong
v	188	0	Justice_ministry
v	189	234	Emap
v	190	15	Mensa_International
v	191	11	Caythorpe,_Lincolnshire
v	192	15	Battle_of_Vitoria
v	193	1	Battle_of_Vitoria_order_of_battle
v	194	15	European_Prize_for_Literature
v	195	15	1999_in_film
v	196	1	List_of_1999_box_office_number-one_films
v	197	15	1980_in_film
v	198	1	List_of_1980_box_office_number-one_films
v	199	15	1981_in_film
v	200	1	List_of_1981_box_office_number-one_films
v	201	15	1970_in_film
v	202	1	List_of_1970_box_office_number-one_films
v	203	15	1976_in_film
v	204	1	List_of_1976_box_office_number-one_films
v	205	15	Rhodes_Scholarship
v	206	11	Road_Scholar
v	207	1	List_of_Rhodes_Scholars
v	208	15	The_Age
v	209	15	American_Geophysical_Union
v	210	1	Fantagraphics_Books
v	211	15	Heat_transfer
v	212	1	Heat_transfer_physics
v	213	1	Nusselt_number
v	214	1	Waste_heat
v	215	1	Wet-bulb_temperature
v	216	15	The_Observer
v	217	11	Kings_Place
v	218	1	observer
v	219	15	President_of_Finland
v	220	1	List_of_Presidents_of_Finland_by_time
v	221	0	Office
v	222	11	Sakya
v	223	15	Mathematical_Association_of_America
v	224	1	18th_Street_NW_(Washington,_D.C.)
v	225	1	Mathematical_Association_of_America__1
v	226	15	American_Mathematical_Society
v	227	1	American_Mathematical_Society__1
v	228	15	USA_Today
v	229	11	Sports_Weekly
v	230	15	Emperor_of_India
v	231	1	Style_of_the_British_sovereign
v	232	15	Country_Music_Association
v	233	1	Country_Music_Association__1
v	234	15	Six_Sigma
v	235	1	68–95–99.7_rule
v	236	1	List_of_special_elections_to_the_United_States_Senate
v	237	1	List_of_special_elections_to_the_United_States_House_of_Representatives
v	238	11	Park_Avenue
v	239	15	American_Anthropological_Association
v	240	1	American_Anthropological_Association__1
v	241	1	American_Anthropological_Association__2
v	242	15	Convoy_PQ_17
v	243	1	Order_of_battle_for_Convoy_PQ_17
v	244	15	Esquire_(magazine)
v	245	1	www.esquire.com
v	246	1	People_(magazine)
v	247	15	Imperial_examination
v	248	15	USENIX
v	249	1	USENIX__1
v	250	1	USENIX__2
v	251	19	South_Melbourne,_Victoria
v	252	15	The_Comics_Journal
v	253	15	Ming_Pao
v	254	1	Media_Chinese_International
v	255	1	recent
v	256	15	BBC_Radio_3
v	257	15	National_Basketball_League_(Australia)
v	258	1	List_of_current_NBL_team_rosters
v	259	15	Webby_Award
v	260	1	List_of_Webby_Award_winners
v	261	15	Special_Achievement_Academy_Award
v	262	1	Academy_Achievement_Award
v	263	11	List_of_Dublin_postal_districts
v	264	15	Republican_National_Committee
v	265	1	Women's_history
v	266	15	Operation_Storm
v	267	1	Operation_Mistral_2
v	268	15	Gandhi_Peace_Award
v	269	137	Gandhi_Memorial_International_Foundation
v	270	15	Institute_of_Physics
v	271	1	Institute_of_Physics__1
v	272	15	Directors_Guild_of_America
v	273	1	www.dga.org
v	274	15	British_Ornithologists'_Union
v	275	1	www.bou.org.uk
v	276	15	Raja
v	277	0	Dharma
v	278	15	Australian_Film_Institute
v	279	1	Australian_Film_Institute__1
v	280	1	Australian_Film_Institute__2
v	281	1	www.afi.org.au
v	282	15	International_Cricket_Council
v	283	1	International_Cricket_Council__1
v	284	15	Ranbaxy_Laboratories
v	285	1	www.ranbaxy.com
v	286	15	LAN_Airlines
v	287	475	Las_Condes
v	288	15	British_Council
v	289	15	American_Bar_Association
v	290	11	321_North_Clark
v	291	1	American_Bar_Association__1
v	292	72	Southbridge,_Massachusetts
v	293	15	Panama–Pacific_International_Exposition
v	294	1	Panama–California_Exposition
v	295	15	American_Historical_Association
v	296	15	National_Education_Association
v	297	1	nea.org
v	298	1	American_Southwest_Conference
v	299	15	The_BMJ
v	300	1	thebmj
v	301	15	Tezuka_Award
v	302	15	Prime_Minister's_Awards_for_Literary_Achievement
v	303	15	People's_Choice_Awards
v	304	15	Doctor_of_Divinity
v	305	1	Lambeth_degree
v	306	15	John_Innes_Centre
v	307	1	www.jic.ac.uk
v	308	15	2007_in_architecture
v	309	1	Structures_completed
v	310	15	American_Society_of_Civil_Engineers
v	311	1	American_Society_of_Civil_Engineers__1
v	312	1	American_Society_of_Civil_Engineers__2
v	313	15	Max_Planck_Society
v	314	1	Max_Planck_Society__1
v	315	15	International_Congress_of_Mathematicians
v	316	15	Astronomical_Society_of_the_Pacific
v	317	1	Astronomical_Society_of_the_Pacific__1
v	318	1	Astronomical_Society_of_the_Pacific__2
v	319	1	www.astrosociety.org
v	320	15	ASME
v	321	1	ASME__1
v	322	1	ASME__2
v	323	1	ASME__3
v	324	1	ASME__4
v	325	1	www.asme.org
v	326	15	Mothers_Against_Drunk_Driving
v	327	1	aboutus.html
v	328	15	Royal_Irish_Academy
v	329	15	Royal_Hibernian_Academy
v	330	1	Royal_Irish_Academy__1
v	331	15	Once_and_Again
v	332	11	Now_and_Again
v	333	15	Down_Beat
v	334	1	www.downbeat.com
v	335	15	Basketball_at_the_2000_Summer_Olympics
v	336	15	Institution_of_Engineers_(India)
v	337	1	ieindia.org
v	338	656	Women's_Basketball_Hall_of_Fame
v	339	15	Human_Rights_First
v	340	1	Human_Rights_First__1
v	341	15	East–West_Center
v	342	11	EastWest_Institute
v	343	15	Marksmanship_Ribbon
v	344	15	Marksmanship_Medal
v	345	15	EuroBasket
v	346	15	Women's_Army_Corps_Service_Medal
v	347	15	International_Press_Institute
v	348	1	www.freemedia.at
v	349	15	CSA_Group
v	350	1	CSA_Group__1
v	351	1	CSA_Group__2
v	352	1	Society_for_Scholarly_Publishing
v	353	15	Tezuka_Osamu_Cultural_Prize
v	354	15	Dramatists_Guild_of_America
v	355	11	1501_Broadway
v	356	1	www.dramatistsguild.com
v	357	15	PEN_International
v	358	1	PEN_International__1
v	359	15	The_Star-Ledger
v	360	1	Richard_Vezza
v	361	15	Marshall_Scholarship
v	362	15	Autocar
v	363	1	www.autocar.co.uk
v	364	15	Commissioner's_Trophy_(MLB)
v	365	15	World_Series
v	366	1	groupetva.ca
v	367	15	Hello_(magazine)
v	368	15	Urban_Redevelopment_Authority
v	369	11	Urban_Redevelopment_Authority_of_Pittsburgh
v	370	15	Index_on_Censorship
v	371	1	Index_on_Censorship__1
v	372	1	Index_on_Censorship__2
v	373	1	indexoncensorship.org
v	374	15	Challenge_Tour
v	375	15	Cabinet_of_Germany
v	376	15	Montblanc_(company)
v	377	1	www.montblanc.com
v	378	15	People's_Artist_of_Russia
v	379	15	Producers_Guild_of_America
v	380	1	Producers_Guild_of_America__1
v	381	15	American_College_of_Physicians
v	382	15	Health_psychology
v	383	1	List_of_universities_with_health_psychology_programs
v	384	22	University_of_Colorado_Denver
v	385	1	Book_of_the_Month_Club
v	386	15	Restaurant_(magazine)
v	387	11	William_Reed_Business_Media
v	388	15	Special_Libraries_Association
v	389	1	www.sla.org
v	390	137	National_Kidney_Foundation_Singapore
v	391	15	LNB_Pro_A
v	392	15	Lambda_Literary_Foundation
v	393	1	Lambda_Literary_Foundation__1
v	394	1	Lambda_Literary_Foundation__2
v	395	1	Lambda_Literary_Foundation__3
v	396	1	Lambda_Literary_Foundation__4
v	397	1	Lambda_Literary_Foundation__5
v	398	1	Lambda_Literary_Foundation__6
v	399	15	American_Society_of_Landscape_Architects
v	400	1	American_Society_of_Landscape_Architects__1
v	401	1	American_Society_of_Landscape_Architects__2
v	402	15	Rocky_Mountain_News
v	403	15	Whitney_Biennial
v	404	1	List_of_Whitney_Biennial_artists
v	405	15	Southwest_Conference
v	406	1	Southwestern_Conference_(Ohio)
v	407	15	110th_United_States_Congress
v	408	1	United_States_congressional_hearing
v	409	1	Special_elections_to_the_110th_United_States_Congress
v	410	15	School_Library_Journal
v	411	1	www.schoollibraryjournal.com
v	412	15	Nesta_(charity)
v	413	1	www.nesta.org.uk
v	414	1	www.naf.org
v	415	15	Indian_Medical_Association
v	416	1	www.ima-india.org
v	417	1	www.imsa.in
v	418	1	www.ima-sw.org
v	419	15	ABA_League
v	420	1	Josip_Bilić
v	421	1	Seattle_Youth_Symphony_Orchestras__1
v	422	15	NAIDOC_Week
v	423	15	International_Committee_for_Information_Technology_Standards
v	424	15	The_Walking_Dead_(comic_book)
v	425	1	Fear_the_Walking_Dead
v	426	15	Healthcare_Information_and_Management_Systems_Society
v	427	1	Healthcare_Information_and_Management_Systems_Society__1
v	428	1	Healthcare_Information_and_Management_Systems_Society__2
v	429	15	Association_of_Learned_and_Professional_Society_Publishers
v	430	1	Association_of_Learned_and_Professional_Society_Publishers__1
v	431	1	Association_of_Learned_and_Professional_Society_Publishers__2
v	432	15	Guruvayur_Temple
v	433	1	Guruvayur_Satyagraha
v	434	15	Royal_Canadian_Academy_of_Arts
v	435	1730	Dhanmondi_Thana
v	436	15	French_art_salons_and_academies
v	437	1	List_of_orders_and_medals_of_Thailand
v	438	15	UAAP_Basketball_Championship
v	439	1	UAAP_Final_Four
v	440	15	SIGSOFT
v	441	15	European_Geosciences_Union
v	442	1	European_Geosciences_Union__1
v	443	1	European_Geosciences_Union__2
v	444	1	European_Geosciences_Union__3
v	445	1	European_Geosciences_Union__4
v	446	15	National_Kidney_Foundation
v	447	1	American_Kidney_Fund
v	448	15	European_Academy_of_Sciences_and_Arts
v	449	1	European_Academy_of_Sciences_and_Arts__1
v	450	1	European_Academy_of_Sciences_and_Arts__2
v	451	1	European_Academy_of_Sciences_and_Arts__3
v	452	1	European_Academy_of_Sciences_and_Arts__4
v	453	15	National_Council_for_Scientific_and_Technological_Development
v	454	1	National_Council_for_Scientific_and_Technological_Development__1
v	455	1	National_Council_for_Scientific_and_Technological_Development__2
v	456	1	www.cnpq.br
v	457	15	State_Bar_of_Texas
v	458	1	www.texasbar.com
v	459	15	Broadcast_(magazine)
v	460	15	American_Society_for_Engineering_Education
v	461	1	www.asee.org
v	462	15	Irish_Film_Institute
v	463	1	www.irishfilm.ie
v	464	15	Royal_Danish_Academy_of_Sciences_and_Letters
v	465	1	Royal_Danish_Academy_of_Sciences_and_Letters__1
v	466	15	Teesside_Gazette
v	467	1	www.gazettelive.co.uk
v	468	15	Outdoor_Channel
v	469	1	www.outdoorchannel.com
v	470	15	Royal_Society_of_New_Zealand
v	471	1	Royal_Society_of_New_Zealand__1
v	472	15	Women's_History_Month
v	473	15	Larry_Alcala
v	474	9	Alfredo_Alcala
v	475	15	Indian_Science_Congress_Association
v	476	1	2015_Indian_Science_Congress_ancient_aircraft_controversy
v	477	15	Women's_Sports_Foundation
v	478	11	Korea_Foundation
v	479	15	Visual_Effects_Society
v	480	15	The_Journal_of_Finance
v	481	1	journal.asp?ref=0022-1082
v	482	15	FIBA_Korać_Cup
v	483	15	Radivoj_Korać_Cup
v	484	1	cid_y3euzq1aHcoWbgMxmWrwT2.html
v	485	15	National_Research_Foundation_of_Korea
v	486	22	Academy_of_Korean_Studies
v	487	15	Garegin_Nzhdeh
v	488	1	Soviet_territorial_claims_against_Turkey
v	489	15	Chagai-I
v	490	15	National_Committee_on_American_Foreign_Policy
v	491	1	National_Committee_on_American_Foreign_Policy__1
v	492	15	Sheikh_Hamdan_bin_Rashid_Al_Maktoum_Award_for_Medical_Sciences
v	493	1	Sheikh_Hamdan_bin_Rashid_Al_Maktoum_Award_for_Medical_Sciences__1
v	494	15	National_Health_and_Medical_Research_Council
v	495	271	Department_of_Health_(Australia)
v	496	15	The_Engineer_(magazine)
v	497	1	www.theengineer.co.uk
v	498	15	International_Gay_and_Lesbian_Human_Rights_Commission
v	499	15	International_Academy_of_Astronautics
v	500	11	Acta_Astronomica
v	501	15	Indian_Council_of_Medical_Research
v	502	1	Indian_Council_of_Medical_Research__1
v	503	15	Order_of_the_Crown_of_Thailand
v	504	15	Inter_American_Press_Association
v	505	1	www.sipiapa.com
v	506	15	American_Public_Health_Association
v	507	1	American_Public_Health_Association__1
v	508	15	Marzotto
v	509	15	AfroBasket
v	510	15	Europa_Nostra
v	511	1	Europa_Nostra__1
v	512	15	Singapore_International_Foundation
v	513	1	www.sif.org.sg
v	514	15	Order_of_succession
v	515	1	Agnatic_seniority
v	516	15	D&AD
v	517	1	www.dandad.org
v	518	15	Association_for_Project_Management
v	519	1	APM_Group_Ltd
v	520	1	www.apm.org.uk
v	521	15	International_Women's_Media_Foundation
v	522	15	2006–07_Euroleague
v	523	1	2006–07_EuroLeague_Women
v	524	15	Franz_Kafka_Prize
v	525	1	Janet_Heidinger_Kafka_Prize
v	526	15	Pakistan_Academy_of_Sciences
v	527	1	Pakistan_Academy_of_Sciences__1
v	528	15	Society_for_Ethnomusicology
v	529	1	Society_for_Ethnomusicology__1
v	530	1	Society_for_Ethnomusicology__2
v	531	15	Irish_Film_&_Television_Academy
v	532	1	11th_Irish_Film_&_Television_Awards
v	533	1	10th_Irish_Film_&_Television_Awards
v	534	15	American_Neurological_Association
v	535	1	American_Neuropsychiatric_Association
v	536	1	Jill_Andrews
v	537	15	Digital_Trends
v	538	15	BAFTA_Award_for_Best_Production_Design
v	539	1	British_Academy_of_Film
v	540	1	Television_Arts
v	541	15	University_of_Colorado_School_of_Medicine
v	542	15	Society_for_Personality_and_Social_Psychology
v	543	1	Society_for_Personality_and_Social_Psychology__1
v	544	15	Illuminating_Engineering_Society_of_North_America
v	545	15	American_Phytopathological_Society
v	546	1	www.apsnet.org
v	547	15	International_Council_of_Sport_Science_and_Physical_Education
v	548	1	International_Council_of_Sport_Science_and_Physical_Education__1
v	549	1	International_Council_of_Sport_Science_and_Physical_Education__2
v	550	15	Regional_Science_Association_International
v	551	1	Regional_Studies_Association
v	552	15	International_Behavioural_and_Neural_Genetics_Society
v	553	1	International_Behavioural_and_Neural_Genetics_Society__1
v	554	1	International_Behavioural_and_Neural_Genetics_Society__2
v	555	1	www.ibangs.org
v	556	15	Academy_of_Engineering
v	557	15	Futuresonic
v	558	1	FutureEverything
v	559	15	Special_Interest_Group_on_Information_Retrieval
v	560	1	sigir.org
v	561	15	Bamboo_Shoots
v	562	1	bambooshoots
v	563	15	Order_of_Saint_Barbara
v	564	1	Honorable_Order_of_Molly_Pitcher
v	565	15	Canadian_Identification_Society
v	566	1	www.cis-sci.ca
v	567	15	Academia_Mexicana_de_la_Lengua
v	568	1	Academia_Mexicana_de_la_Lengua__1
v	569	1	Academia_Mexicana_de_la_Lengua__2
v	570	15	Prix_Romy_Schneider
v	571	15	Romy_(TV_award)
v	572	15	The_Outstanding_Young_Persons_of_the_World_(TOYP)
v	573	1	List_of_Ten_Outstanding_Young_Persons_of_the_World
v	574	15	Order_of_Chula_Chom_Klao
v	575	15	Berlin-Brandenburg_Academy_of_Sciences_and_Humanities
v	576	1	Berlin-Brandenburg_Academy_of_Sciences_and_Humanities__1
v	577	1	Berlin-Brandenburg_Academy_of_Sciences_and_Humanities__2
v	578	15	International_Behavioral_Neuroscience_Society
v	579	1	International_Behavioral_Neuroscience_Society__1
v	580	15	FIBA_Europe_Under-16_Championship
v	581	15	FIBA_Europe_Under-18_Championship
v	582	15	San_Diego_Zoo_Global
v	583	15	Water_Resources_Research
v	584	15	Health_Physics_Society
v	585	15	Prime_Minister's_Literary_Awards
v	586	15	Long_Island_Business_News
v	587	15	Dataquest
v	588	1	www.dqindia.com
v	589	15	American_Federation_of_Arts
v	590	1	www.afaweb.org
v	591	15	Automatic_Musical_Instruments_Collector's_Association
v	592	15	Order_of_Skanderbeg
v	593	15	Skanderbeg's_Order
v	594	15	Prince_Eugen_Medal
v	595	15	Junior_Library_Guild
v	596	15	Nuclear_Institute
v	597	1	Nuclear_Institute__1
v	598	1	Nuclear_Institute__2
v	599	1	www.nuclearinst.com
v	600	15	Booktrust
v	601	1	Booktrust__1
v	602	1	Booktrust__2
v	603	1	www.booktrust.org.uk
v	604	15	Indian_Institute_of_Architects
v	605	15	Design_Futures_Council
v	606	1	Design_Futures_Council__1
v	607	15	GlobalPost
v	608	15	Campaigns_and_Elections
v	609	1	www.campaignsandelections.com
v	610	15	American_Art_Therapy_Association
v	611	1	www.arttherapy.org
v	612	15	The_Prince_Eugen_Culture_Prize
v	613	15	Gold_Star_Order_(Vietnam)
v	614	1	List_of_recipients_of_the_Gold_Star_Order_(Vietnam)
v	615	15	Southern_Conference_Men's_Basketball_Player_of_the_Year
v	616	15	Indian_Mathematical_Society
v	617	1	Indian_Mathematical_Society__1
v	618	15	Bellingham_Review
v	619	1	www.bhreview.org
v	620	15	People's_Artist_of_the_Russian_Federation
v	621	15	Alhamra_Arts_Council
v	622	15	European_Union_Prize_for_Literature
v	623	15	Odisha_Sahitya_Academy_Award
v	624	1	List_of_Sahitya_Akademi_Award_winners_for_Odia
v	625	15	Kaggle
v	626	1	Predictive_modelling
v	627	15	Australian_Academy_of_Cinema_and_Television_Arts
v	628	1	Australian_Academy_of_Cinema_and_Television_Arts__1
v	629	15	National_Speakers_Association
v	630	1	National_Speakers_Association__1
v	631	1	National_Speakers_Association__2
v	632	1	www.nsaspeaker.org
v	633	15	Institute_of_Architects_Bangladesh
v	634	15	The_Sikh_Awards
v	635	1	thesikhawards.com
v	636	15	Kerala_State_Business_Excellence_Awards
v	637	1	www.cochinherald.com
e	3	{0}	4
e	26	{0}	27
e	26	{0}	28
e	36	{0}	37
e	36	{0}	38
e	36	{0}	39
e	57	{0}	58
e	57	{0}	59
e	72	{0}	73
e	72	{0}	74
e	72	{0}	75
e	72	{0}	76
e	72	{0}	72
e	72	{0}	77
e	94	{35}	95
e	96	{35}	70
e	96	{35}	97
e	96	{0}	98
e	102	{175}	103
e	108	{0}	109
e	108	{0}	110
e	108	{0}	111
e	108	{0}	112
e	113	{0}	114
e	113	{0}	115
e	113	{0}	116
e	113	{0}	117
e	113	{0}	113
e	113	{0}	42
e	118	{0}	119
e	118	{35}	120
e	127	{0}	128
e	132	{0}	133
e	134	{0}	135
e	136	{0}	137
e	138	{35}	139
e	140	{0}	141
e	144	{0}	145
e	144	{0}	146
e	144	{0}	101
e	147	{0}	148
e	147	{0}	149
e	147	{0}	150
e	151	{35}	152
e	153	{175}	154
e	153	{175}	155
e	153	{45}	83
e	156	{0}	157
e	160	{0}	161
e	162	{0}	158
e	164	{35}	165
e	164	{35}	166
e	167	{0}	168
e	167	{0}	169
e	170	{175}	171
e	172	{0}	79
e	172	{0}	172
e	172	{0}	173
e	178	{35}	143
e	179	{0}	180
e	183	{175}	184
e	183	{175}	185
e	183	{175}	186
e	187	{0}	188
e	190	{44}	191
e	190	{45}	191
e	192	{0}	193
e	195	{0}	196
e	195	{0}	0
e	197	{0}	198
e	197	{0}	0
e	199	{0}	200
e	199	{0}	0
e	201	{0}	202
e	201	{0}	0
e	203	{0}	204
e	203	{0}	0
e	205	{35}	206
e	205	{0}	207
e	208	{44}	67
e	208	{44}	19
e	208	{45}	19
e	211	{0}	212
e	211	{0}	213
e	211	{0}	142
e	211	{0}	214
e	211	{0}	215
e	216	{44}	217
e	216	{45}	218
e	219	{0}	220
e	219	{0}	221
e	223	{44}	224
e	223	{44}	81
e	223	{44}	7
e	223	{175}	225
e	226	{44}	54
e	226	{175}	227
e	228	{44}	177
e	228	{44}	80
e	228	{44}	8
e	228	{45}	229
e	230	{0}	231
e	232	{44}	21
e	232	{44}	22
e	232	{175}	233
e	234	{0}	235
e	239	{44}	55
e	239	{44}	68
e	239	{175}	240
e	239	{175}	241
e	239	{45}	241
e	242	{0}	243
e	244	{45}	245
e	244	{0}	246
e	247	{0}	121
e	248	{44}	63
e	248	{44}	0
e	248	{175}	249
e	248	{175}	250
e	248	{45}	250
e	252	{45}	210
e	253	{45}	254
e	256	{45}	255
e	257	{45}	85
e	257	{0}	258
e	259	{0}	260
e	261	{35}	262
e	264	{45}	86
e	266	{35}	267
e	268	{35}	269
e	270	{44}	15
e	270	{175}	271
e	272	{45}	273
e	274	{45}	275
e	276	{0}	277
e	278	{44}	67
e	278	{175}	279
e	278	{175}	280
e	278	{45}	281
e	282	{44}	35
e	282	{44}	82
e	282	{175}	283
e	284	{45}	285
e	286	{44}	287
e	286	{44}	66
e	286	{44}	61
e	288	{44}	15
e	288	{44}	16
e	289	{44}	290
e	289	{175}	291
e	293	{35}	294
e	295	{44}	7
e	295	{45}	7
e	296	{45}	297
e	299	{45}	300
e	303	{45}	46
e	304	{0}	305
e	306	{44}	129
e	306	{45}	307
e	308	{0}	309
e	308	{0}	78
e	310	{44}	176
e	310	{175}	311
e	310	{175}	312
e	310	{45}	312
e	313	{44}	33
e	313	{175}	314
e	315	{45}	1
e	316	{175}	317
e	316	{175}	318
e	316	{45}	319
e	320	{175}	321
e	320	{175}	322
e	320	{175}	323
e	320	{175}	324
e	320	{45}	325
e	326	{44}	174
e	326	{45}	174
e	328	{35}	329
e	328	{44}	263
e	328	{44}	40
e	328	{44}	52
e	328	{175}	330
e	331	{35}	332
e	333	{45}	334
e	335	{0}	100
e	335	{0}	53
e	336	{44}	92
e	336	{44}	24
e	336	{45}	337
e	339	{44}	5
e	339	{44}	6
e	339	{175}	340
e	341	{35}	342
e	343	{35}	344
e	345	{45}	91
e	346	{0}	124
e	346	{0}	125
e	347	{45}	348
e	349	{175}	350
e	349	{175}	351
e	349	{45}	351
e	353	{35}	301
e	354	{44}	355
e	354	{44}	5
e	354	{45}	356
e	357	{175}	358
e	359	{44}	13
e	359	{44}	29
e	359	{44}	0
e	359	{45}	360
e	361	{0}	205
e	362	{45}	363
e	364	{0}	365
e	367	{45}	366
e	368	{35}	369
e	370	{175}	371
e	370	{175}	372
e	370	{45}	373
e	374	{45}	62
e	375	{0}	51
e	376	{45}	377
e	379	{175}	380
e	381	{44}	41
e	381	{45}	41
e	382	{0}	383
e	386	{45}	387
e	388	{44}	123
e	388	{45}	389
e	391	{45}	0
e	392	{175}	393
e	392	{175}	394
e	392	{175}	395
e	392	{175}	396
e	392	{175}	397
e	392	{175}	398
e	399	{44}	7
e	399	{175}	400
e	399	{175}	401
e	399	{45}	401
e	402	{44}	65
e	402	{44}	64
e	402	{45}	64
e	403	{0}	404
e	405	{35}	298
e	405	{35}	159
e	405	{35}	406
e	407	{0}	78
e	407	{0}	0
e	407	{0}	408
e	407	{0}	409
e	407	{0}	236
e	407	{0}	237
e	410	{45}	411
e	412	{45}	413
e	415	{45}	416
e	415	{45}	417
e	415	{45}	418
e	419	{45}	420
e	422	{45}	421
e	423	{44}	7
e	423	{44}	0
e	423	{45}	0
e	424	{0}	425
e	426	{44}	60
e	426	{175}	427
e	426	{175}	428
e	429	{175}	430
e	429	{175}	431
e	429	{45}	431
e	429	{0}	352
e	432	{0}	433
e	434	{44}	2
e	436	{0}	181
e	438	{0}	439
e	440	{45}	18
e	441	{44}	33
e	441	{175}	442
e	441	{175}	443
e	441	{175}	444
e	441	{175}	445
e	441	{45}	445
e	446	{44}	7
e	446	{44}	0
e	446	{35}	447
e	446	{35}	390
e	448	{44}	69
e	448	{44}	11
e	448	{175}	449
e	448	{175}	450
e	448	{175}	451
e	448	{175}	452
e	448	{45}	452
e	453	{44}	44
e	453	{44}	23
e	453	{175}	454
e	453	{175}	455
e	453	{45}	456
e	457	{44}	9
e	457	{44}	30
e	457	{45}	458
e	459	{45}	189
e	460	{45}	461
e	462	{45}	463
e	464	{44}	32
e	464	{44}	12
e	464	{175}	465
e	466	{44}	182
e	466	{45}	467
e	468	{44}	65
e	468	{45}	469
e	470	{44}	107
e	470	{175}	471
e	472	{0}	265
e	472	{0}	0
e	473	{35}	474
e	475	{0}	476
e	477	{0}	338
e	479	{45}	28
e	480	{45}	481
e	482	{35}	483
e	482	{45}	484
e	485	{35}	478
e	485	{35}	486
e	487	{0}	488
e	489	{0}	105
e	490	{44}	238
e	490	{44}	5
e	490	{44}	6
e	490	{175}	491
e	492	{175}	493
e	494	{45}	495
e	496	{45}	497
e	498	{44}	5
e	498	{45}	5
e	499	{35}	500
e	501	{44}	87
e	501	{175}	502
e	503	{0}	437
e	504	{44}	88
e	504	{44}	0
e	504	{45}	505
e	506	{44}	7
e	506	{175}	507
e	508	{45}	93
e	509	{45}	222
e	510	{44}	34
e	510	{44}	45
e	510	{175}	511
e	512	{45}	513
e	514	{0}	515
e	516	{44}	99
e	516	{44}	15
e	516	{45}	517
e	518	{35}	519
e	518	{45}	520
e	521	{45}	126
e	522	{0}	523
e	524	{35}	525
e	526	{44}	104
e	526	{44}	14
e	526	{175}	527
e	528	{44}	131
e	528	{44}	43
e	528	{175}	529
e	528	{175}	530
e	531	{45}	60
e	531	{0}	532
e	531	{0}	533
e	534	{35}	535
e	537	{45}	536
e	538	{0}	539
e	538	{0}	540
e	541	{0}	384
e	541	{0}	106
e	542	{175}	543
e	544	{44}	130
e	544	{44}	5
e	544	{44}	0
e	544	{45}	0
e	545	{45}	546
e	547	{44}	31
e	547	{44}	10
e	547	{175}	548
e	547	{175}	549
e	547	{45}	549
e	550	{35}	551
e	552	{175}	553
e	552	{175}	554
e	552	{45}	555
e	556	{45}	414
e	557	{0}	558
e	559	{45}	560
e	561	{45}	562
e	563	{0}	564
e	565	{45}	566
e	567	{44}	17
e	567	{44}	20
e	567	{175}	568
e	567	{175}	569
e	567	{45}	569
e	570	{35}	571
e	572	{0}	573
e	574	{0}	437
e	575	{44}	31
e	575	{44}	10
e	575	{175}	576
e	575	{175}	577
e	575	{45}	56
e	578	{175}	579
e	580	{45}	90
e	581	{45}	71
e	582	{45}	327
e	583	{45}	209
e	584	{45}	89
e	585	{35}	302
e	586	{44}	175
e	586	{45}	175
e	587	{44}	87
e	587	{44}	24
e	587	{45}	588
e	589	{45}	590
e	591	{45}	292
e	592	{35}	593
e	595	{0}	385
e	596	{175}	597
e	596	{175}	598
e	596	{45}	599
e	600	{175}	601
e	600	{175}	602
e	600	{45}	603
e	604	{44}	25
e	604	{45}	25
e	605	{44}	7
e	605	{175}	606
e	607	{45}	84
e	608	{45}	609
e	610	{45}	611
e	612	{35}	594
e	613	{0}	614
e	615	{0}	163
e	616	{44}	49
e	616	{44}	50
e	616	{44}	24
e	616	{175}	617
e	618	{45}	619
e	620	{0}	378
e	621	{35}	122
e	622	{35}	194
e	623	{35}	624
e	625	{45}	626
e	627	{44}	251
e	627	{175}	628
e	629	{175}	630
e	629	{175}	631
e	629	{45}	632
e	633	{44}	435
e	633	{44}	48
e	633	{45}	47
e	634	{45}	635
e	636	{45}	637
Total:11

%GID:4
%LID#1#4-0-National_Kidney_Foundation#1#1#6
#Pattern
v	0	15	ANY
v	1	137	ANY
v	2	15	ANY
e	0	35	1
e	2	35	1
#Condition
%X
eq-let	1	National_Kidney_Foundation_Singapore
%Y
eq-id	0	id	2	id

%GID:5
%LID#1#5-0-Health_Physics_Society#2#2#6
#Pattern
v	0	15	ANY
v	1	15	ANY
v	2	15	ANY
e	0	45	1
e	2	45	1
#Condition
%X
eq-let	1	default.aspx
%Y
eq-id	0	id	2	id

%GID:6
%LID#1#6-1-Mathematics#2#2#6
#Pattern
v	0	15	ANY
v	1	13	ANY
v	2	15	ANY
e	0	45	1
e	2	45	1
#Condition
%X
eq-let	0	International_Congress_of_Mathematicians
%Y
eq-id	0	id	2	id

%GID:8
%LID#1#8-1-Sydney#0#0#6
#Pattern
v	0	15	ANY
v	1	19	ANY
v	2	15	ANY
e	0	45	1
e	2	45	1
#Condition
%X
eq-let	0	Visual_Effects_Society
%Y
eq-id	0	id	2	id

%GID:10
%LID#0#10-1-New_Delhi#0#0#2
#Pattern
v	0	15	ANY
v	1	456	ANY
v	2	15	ANY
e	0	44	1
e	2	44	1
#Condition
%X
%Y
eq-id	0	id	2	id

%GID:19
%LID#1#19-0-Long_Island_Business_News#2#2#6
#Pattern
v	0	15	ANY
v	1	21	ANY
v	2	15	ANY
e	0	45	1
e	2	45	1
#Condition
%X
eq-let	1	Ronkonkoma,_New_York
%Y
eq-id	0	id	2	id

%GID:39
%LID#1#39-0-Long_Island_Business_News#1#1#6
#Pattern
v	0	15	ANY
v	1	21	ANY
v	2	15	ANY
e	0	44	1
e	2	44	1
#Condition
%X
eq-let	1	Ronkonkoma,_New_York
%Y
eq-id	0	id	2	id

%GID:42
%LID#1#42-0-American_College_of_Physicians#2#2#6
#Pattern
v	0	15	ANY
v	1	25	ANY
v	2	15	ANY
e	0	44	1
e	2	44	1
#Condition
%X
eq-let	1	Philadelphia
%Y
eq-id	0	id	2	id

%GID:52
%LID#1#52-1-Irving,_Texas#2#2#6
#Pattern
v	0	15	ANY
v	1	5	ANY
v	2	15	ANY
e	0	45	1
e	2	45	1
#Condition
%X
eq-let	0	Mothers_Against_Drunk_Driving
%Y
eq-id	0	id	2	id

%GID:84
%LID#1#84-2-Dataquest#2#2#6
#Pattern
v	0	15	ANY
v	1	15	ANY
v	2	456	ANY
v	3	456	ANY
e	0	44	2
e	1	44	3
#Condition
%X
eq-let	0	Indian_Council_of_Medical_Research
%Y
eq-id	0	id	2	id

%GID:121
%LID#1#121-2-Dataquest#2#2#6
#Pattern
v	0	15	ANY
v	1	456	ANY
v	2	456	ANY
v	3	15	ANY
e	0	44	1
e	3	44	2
#Condition
%X
eq-let	0	Indian_Council_of_Medical_Research
%Y
eq-id	1	id	2	id

vf2 on No.1 GED
vf2 on No.2 GED
vf2 on No.3 GED
vf2 on No.4 GED
vf2 on No.5 GED
vf2 on No.6 GED
vf2 on No.7 GED
vf2 on No.8 GED
vf2 on No.9 GED
vf2 on No.10 GED
vf2 on No.11 GED
Checking NO.1 GED	1
Checking NO.2 GED	1
Checking NO.3 GED	1
Checking NO.4 GED	1
Checking NO.5 GED	0
Checking NO.6 GED	1
Checking NO.7 GED	1
Checking NO.8 GED	1
Checking NO.9 GED	1
Checking NO.10 GED	1
Checking NO.11 GED	1

The results:
1	1	1	1	0	
1	1	1	1	1	
1	
